-------------------------------------------------------------------------------
Test set: com.fabrikam.FunctionTest
-------------------------------------------------------------------------------
Tests run: 1, Failures: 0, Errors: 1, Skipped: 0, Time elapsed: 40.90 s <<< FAILURE! -- in com.fabrikam.FunctionTest
com.fabrikam.FunctionTest.testHttpTriggerJava -- Time elapsed: 40.87 s <<< ERROR!
com.azure.identity.CredentialUnavailableException: 
EnvironmentCredential authentication unavailable. Environment variables are not fully configured.To mitigate this issue, please refer to the troubleshooting guidelines here at https://aka.ms/azsdk/java/identity/environmentcredential/troubleshoot
ManagedIdentityCredential authentication unavailable. Connection to IMDS endpoint cannot be established, connect timed out.
SharedTokenCacheCredential authentication unavailable. No accounts were found in the cache.
IntelliJ Authentication not available. Please log in with Azure Tools for IntelliJ plugin in the IDE.
Failed to read Vs Code credentials from Windows Credential API.
AzureCliCredential authentication unavailable. Please run 'az login' to set up account. To further mitigate this issue, please refer to the troubleshooting guidelines here at https://aka.ms/azsdk/java/identity/azclicredential/troubleshoot
Azure PowerShell authentication failed using defaultpowershell(pwsh) with following error: Unable to execute PowerShell. Please make sure that it is installed in your system.
Azure PowerShell authentication failed using powershell-core(powershell) with following error: Az.Account module with version >= 2.2.0 is not installed. It needs to be installed to use Azure PowerShell Credential.To mitigate this issue, please refer to the troubleshooting guidelines here at https://aka.ms/azure-identity-java-default-azure-credential-troubleshoot
	at com.azure.identity.ChainedTokenCredential.lambda$getToken$3(ChainedTokenCredential.java:95)
	at reactor.core.publisher.MonoDefer.subscribe(MonoDefer.java:45)
	at reactor.core.publisher.Mono.subscribe(Mono.java:4491)
	at reactor.core.publisher.FluxSwitchIfEmpty$SwitchIfEmptySubscriber.onComplete(FluxSwitchIfEmpty.java:82)
	at reactor.core.publisher.MonoNext$NextSubscriber.onComplete(MonoNext.java:102)
	at reactor.core.publisher.FluxFlatMap$FlatMapMain.checkTerminated(FluxFlatMap.java:847)
	at reactor.core.publisher.FluxFlatMap$FlatMapMain.drainLoop(FluxFlatMap.java:609)
	at reactor.core.publisher.FluxFlatMap$FlatMapMain.innerComplete(FluxFlatMap.java:895)
	at reactor.core.publisher.FluxFlatMap$FlatMapInner.onComplete(FluxFlatMap.java:998)
	at reactor.core.publisher.Operators$MultiSubscriptionSubscriber.onComplete(Operators.java:2060)
	at reactor.core.publisher.Operators.complete(Operators.java:137)
	at reactor.core.publisher.MonoEmpty.subscribe(MonoEmpty.java:46)
	at reactor.core.publisher.Mono.subscribe(Mono.java:4491)
	at reactor.core.publisher.FluxOnErrorResume$ResumeSubscriber.onError(FluxOnErrorResume.java:103)
	at reactor.core.publisher.FluxPeekFuseable$PeekFuseableSubscriber.onError(FluxPeekFuseable.java:234)
	at reactor.core.publisher.MonoPeekTerminal$MonoTerminalPeekSubscriber.onError(MonoPeekTerminal.java:258)
	at reactor.core.publisher.FluxPeekFuseable$PeekConditionalSubscriber.onError(FluxPeekFuseable.java:903)
	at reactor.core.publisher.Operators$MultiSubscriptionSubscriber.onError(Operators.java:2065)
	at reactor.core.publisher.Operators.error(Operators.java:198)
	at reactor.core.publisher.MonoError.subscribe(MonoError.java:53)
	at reactor.core.publisher.MonoDefer.subscribe(MonoDefer.java:53)
	at reactor.core.publisher.Mono.subscribe(Mono.java:4491)
	at reactor.core.publisher.FluxSwitchIfEmpty$SwitchIfEmptySubscriber.onComplete(FluxSwitchIfEmpty.java:82)
	at reactor.core.publisher.MonoNext$NextSubscriber.onComplete(MonoNext.java:102)
	at reactor.core.publisher.FluxFlatMap$FlatMapMain.checkTerminated(FluxFlatMap.java:847)
	at reactor.core.publisher.FluxFlatMap$FlatMapMain.drainLoop(FluxFlatMap.java:609)
	at reactor.core.publisher.FluxFlatMap$FlatMapMain.innerComplete(FluxFlatMap.java:895)
	at reactor.core.publisher.FluxFlatMap$FlatMapInner.onComplete(FluxFlatMap.java:998)
	at reactor.core.publisher.Operators$MultiSubscriptionSubscriber.onComplete(Operators.java:2060)
	at reactor.core.publisher.Operators.complete(Operators.java:137)
	at reactor.core.publisher.MonoEmpty.subscribe(MonoEmpty.java:46)
	at reactor.core.publisher.Mono.subscribe(Mono.java:4491)
	at reactor.core.publisher.FluxOnErrorResume$ResumeSubscriber.onError(FluxOnErrorResume.java:103)
	at reactor.core.publisher.FluxDoFinally$DoFinallySubscriber.onError(FluxDoFinally.java:119)
	at reactor.core.publisher.MonoFlatMap$FlatMapMain.secondError(MonoFlatMap.java:192)
	at reactor.core.publisher.MonoFlatMap$FlatMapInner.onError(MonoFlatMap.java:259)
	at reactor.core.publisher.MonoFlatMap$FlatMapMain.onNext(MonoFlatMap.java:142)
	at reactor.core.publisher.Operators$MonoSubscriber.complete(Operators.java:1839)
	at reactor.core.publisher.MonoFlatMap$FlatMapInner.onNext(MonoFlatMap.java:249)
	at reactor.core.publisher.Operators$MonoSubscriber.complete(Operators.java:1839)
	at reactor.core.publisher.MonoFlatMap$FlatMapMain.onNext(MonoFlatMap.java:151)
	at reactor.core.publisher.MonoNext$NextSubscriber.onNext(MonoNext.java:82)
	at reactor.core.publisher.SerializedSubscriber.onNext(SerializedSubscriber.java:99)
	at reactor.core.publisher.FluxRepeatWhen$RepeatWhenMainSubscriber.onNext(FluxRepeatWhen.java:142)
	at reactor.core.publisher.Operators$MonoSubscriber.complete(Operators.java:1839)
	at reactor.core.publisher.MonoFlatMap$FlatMapMain.onNext(MonoFlatMap.java:151)
	at reactor.core.publisher.Operators$MonoSubscriber.complete(Operators.java:1839)
	at reactor.core.publisher.MonoCompletionStage.lambda$subscribe$0(MonoCompletionStage.java:100)
	at java.util.concurrent.CompletableFuture.uniHandle(CompletableFuture.java:836)
	at java.util.concurrent.CompletableFuture$UniHandle.tryFire(CompletableFuture.java:811)
	at java.util.concurrent.CompletableFuture.postComplete(CompletableFuture.java:488)
	at java.util.concurrent.CompletableFuture$AsyncSupply.run(CompletableFuture.java:1609)
	at java.util.concurrent.CompletableFuture$AsyncSupply.exec(CompletableFuture.java:1596)
	at java.util.concurrent.ForkJoinTask.doExec(ForkJoinTask.java:289)
	at java.util.concurrent.ForkJoinPool$WorkQueue.runTask(ForkJoinPool.java:1067)
	at java.util.concurrent.ForkJoinPool.runWorker(ForkJoinPool.java:1703)
	at java.util.concurrent.ForkJoinWorkerThread.run(ForkJoinWorkerThread.java:172)
	Suppressed: java.lang.Exception: #block terminated with an error
		at reactor.core.publisher.BlockingSingleSubscriber.blockingGet(BlockingSingleSubscriber.java:100)
		at reactor.core.publisher.Mono.block(Mono.java:1742)
		at com.azure.core.credential.TokenCredential.getTokenSync(TokenCredential.java:110)
		at com.azure.core.implementation.AccessTokenCache.lambda$new$2(AccessTokenCache.java:65)
		at com.azure.core.implementation.AccessTokenCache.lambda$retrieveTokenSync$11(AccessTokenCache.java:230)
		at com.azure.core.implementation.AccessTokenCache.getTokenSync(AccessTokenCache.java:93)
		at com.azure.core.http.policy.BearerTokenAuthenticationPolicy.setAuthorizationHeaderHelperSync(BearerTokenAuthenticationPolicy.java:220)
		at com.azure.core.http.policy.BearerTokenAuthenticationPolicy.setAuthorizationHeaderSync(BearerTokenAuthenticationPolicy.java:207)
		at com.azure.security.keyvault.secrets.implementation.KeyVaultCredentialPolicy.authorizeRequestSync(KeyVaultCredentialPolicy.java:241)
		at com.azure.security.keyvault.secrets.implementation.KeyVaultCredentialPolicy.processSync(KeyVaultCredentialPolicy.java:373)
		at com.azure.core.http.HttpPipelineNextSyncPolicy.processSync(HttpPipelineNextSyncPolicy.java:53)
		at com.azure.core.http.policy.RetryPolicy.attemptSync(RetryPolicy.java:217)
		at com.azure.core.http.policy.RetryPolicy.attemptSync(RetryPolicy.java:233)
		at com.azure.core.http.policy.RetryPolicy.attemptSync(RetryPolicy.java:233)
		at com.azure.core.http.policy.RetryPolicy.attemptSync(RetryPolicy.java:233)
		at com.azure.core.http.policy.RetryPolicy.processSync(RetryPolicy.java:161)
		at com.azure.core.http.HttpPipelineNextSyncPolicy.processSync(HttpPipelineNextSyncPolicy.java:53)
		at com.azure.core.http.policy.AddHeadersPolicy.processSync(AddHeadersPolicy.java:66)
		at com.azure.core.http.HttpPipelineNextSyncPolicy.processSync(HttpPipelineNextSyncPolicy.java:53)
		at com.azure.core.http.policy.HttpPipelineSyncPolicy.processSync(HttpPipelineSyncPolicy.java:51)
		at com.azure.core.http.policy.UserAgentPolicy.processSync(UserAgentPolicy.java:174)
		at com.azure.core.http.HttpPipelineNextSyncPolicy.processSync(HttpPipelineNextSyncPolicy.java:53)
		at com.azure.core.http.HttpPipeline.sendSync(HttpPipeline.java:138)
		at com.azure.core.implementation.http.rest.SyncRestProxy.send(SyncRestProxy.java:62)
		at com.azure.core.implementation.http.rest.SyncRestProxy.invoke(SyncRestProxy.java:83)
		at com.azure.core.implementation.http.rest.RestProxyBase.invoke(RestProxyBase.java:124)
		at com.azure.core.http.rest.RestProxy.invoke(RestProxy.java:95)
		at com.sun.proxy.$Proxy19.getSecretSync(Unknown Source)
		at com.azure.security.keyvault.secrets.implementation.SecretClientImpl.getSecretWithResponse(SecretClientImpl.java:936)
		at com.azure.security.keyvault.secrets.SecretClient.lambda$getSecretWithResponse$1(SecretClient.java:360)
		at com.azure.security.keyvault.secrets.SecretClient.callWithMappedException(SecretClient.java:1027)
		at com.azure.security.keyvault.secrets.SecretClient.getSecretWithResponse(SecretClient.java:359)
		at com.azure.security.keyvault.secrets.SecretClient.getSecret(SecretClient.java:296)
		at com.fabrikam.Function.<init>(Function.java:36)
		at com.fabrikam.FunctionTest.testHttpTriggerJava(FunctionTest.java:48)
		at sun.reflect.NativeMethodAccessorImpl.invoke0(Native Method)
		at sun.reflect.NativeMethodAccessorImpl.invoke(NativeMethodAccessorImpl.java:62)
		at sun.reflect.DelegatingMethodAccessorImpl.invoke(DelegatingMethodAccessorImpl.java:43)
		at java.lang.reflect.Method.invoke(Method.java:498)
		at org.junit.platform.commons.util.ReflectionUtils.invokeMethod(ReflectionUtils.java:628)
		at org.junit.jupiter.engine.execution.ExecutableInvoker.invoke(ExecutableInvoker.java:117)
		at org.junit.jupiter.engine.descriptor.TestMethodTestDescriptor.lambda$invokeTestMethod$7(TestMethodTestDescriptor.java:184)
		at org.junit.platform.engine.support.hierarchical.ThrowableCollector.execute(ThrowableCollector.java:73)
		at org.junit.jupiter.engine.descriptor.TestMethodTestDescriptor.invokeTestMethod(TestMethodTestDescriptor.java:180)
		at org.junit.jupiter.engine.descriptor.TestMethodTestDescriptor.execute(TestMethodTestDescriptor.java:127)
		at org.junit.jupiter.engine.descriptor.TestMethodTestDescriptor.execute(TestMethodTestDescriptor.java:68)
		at org.junit.platform.engine.support.hierarchical.NodeTestTask.lambda$executeRecursively$5(NodeTestTask.java:135)
		at org.junit.platform.engine.support.hierarchical.ThrowableCollector.execute(ThrowableCollector.java:73)
		at org.junit.platform.engine.support.hierarchical.NodeTestTask.lambda$executeRecursively$7(NodeTestTask.java:125)
		at org.junit.platform.engine.support.hierarchical.Node.around(Node.java:135)
		at org.junit.platform.engine.support.hierarchical.NodeTestTask.lambda$executeRecursively$8(NodeTestTask.java:123)
		at org.junit.platform.engine.support.hierarchical.ThrowableCollector.execute(ThrowableCollector.java:73)
		at org.junit.platform.engine.support.hierarchical.NodeTestTask.executeRecursively(NodeTestTask.java:122)
		at org.junit.platform.engine.support.hierarchical.NodeTestTask.execute(NodeTestTask.java:80)
		at java.util.ArrayList.forEach(ArrayList.java:1259)
		at org.junit.platform.engine.support.hierarchical.SameThreadHierarchicalTestExecutorService.invokeAll(SameThreadHierarchicalTestExecutorService.java:38)
		at org.junit.platform.engine.support.hierarchical.NodeTestTask.lambda$executeRecursively$5(NodeTestTask.java:139)
		at org.junit.platform.engine.support.hierarchical.ThrowableCollector.execute(ThrowableCollector.java:73)
		at org.junit.platform.engine.support.hierarchical.NodeTestTask.lambda$executeRecursively$7(NodeTestTask.java:125)
		at org.junit.platform.engine.support.hierarchical.Node.around(Node.java:135)
		at org.junit.platform.engine.support.hierarchical.NodeTestTask.lambda$executeRecursively$8(NodeTestTask.java:123)
		at org.junit.platform.engine.support.hierarchical.ThrowableCollector.execute(ThrowableCollector.java:73)
		at org.junit.platform.engine.support.hierarchical.NodeTestTask.executeRecursively(NodeTestTask.java:122)
		at org.junit.platform.engine.support.hierarchical.NodeTestTask.execute(NodeTestTask.java:80)
		at java.util.ArrayList.forEach(ArrayList.java:1259)
		at org.junit.platform.engine.support.hierarchical.SameThreadHierarchicalTestExecutorService.invokeAll(SameThreadHierarchicalTestExecutorService.java:38)
		at org.junit.platform.engine.support.hierarchical.NodeTestTask.lambda$executeRecursively$5(NodeTestTask.java:139)
		at org.junit.platform.engine.support.hierarchical.ThrowableCollector.execute(ThrowableCollector.java:73)
		at org.junit.platform.engine.support.hierarchical.NodeTestTask.lambda$executeRecursively$7(NodeTestTask.java:125)
		at org.junit.platform.engine.support.hierarchical.Node.around(Node.java:135)
		at org.junit.platform.engine.support.hierarchical.NodeTestTask.lambda$executeRecursively$8(NodeTestTask.java:123)
		at org.junit.platform.engine.support.hierarchical.ThrowableCollector.execute(ThrowableCollector.java:73)
		at org.junit.platform.engine.support.hierarchical.NodeTestTask.executeRecursively(NodeTestTask.java:122)
		at org.junit.platform.engine.support.hierarchical.NodeTestTask.execute(NodeTestTask.java:80)
		at org.junit.platform.engine.support.hierarchical.SameThreadHierarchicalTestExecutorService.submit(SameThreadHierarchicalTestExecutorService.java:32)
		at org.junit.platform.engine.support.hierarchical.HierarchicalTestExecutor.execute(HierarchicalTestExecutor.java:57)
		at org.junit.platform.engine.support.hierarchical.HierarchicalTestEngine.execute(HierarchicalTestEngine.java:51)
		at org.junit.platform.launcher.core.DefaultLauncher.execute(DefaultLauncher.java:229)
		at org.junit.platform.launcher.core.DefaultLauncher.lambda$execute$6(DefaultLauncher.java:197)
		at org.junit.platform.launcher.core.DefaultLauncher.withInterceptedStreams(DefaultLauncher.java:211)
		at org.junit.platform.launcher.core.DefaultLauncher.execute(DefaultLauncher.java:191)
		at org.junit.platform.launcher.core.DefaultLauncher.execute(DefaultLauncher.java:128)
		at org.apache.maven.surefire.junitplatform.LazyLauncher.execute(LazyLauncher.java:56)
		at org.apache.maven.surefire.junitplatform.JUnitPlatformProvider.execute(JUnitPlatformProvider.java:184)
		at org.apache.maven.surefire.junitplatform.JUnitPlatformProvider.invokeAllTests(JUnitPlatformProvider.java:148)
		at org.apache.maven.surefire.junitplatform.JUnitPlatformProvider.invoke(JUnitPlatformProvider.java:122)
		at org.apache.maven.surefire.booter.ForkedBooter.runSuitesInProcess(ForkedBooter.java:385)
		at org.apache.maven.surefire.booter.ForkedBooter.execute(ForkedBooter.java:162)
		at org.apache.maven.surefire.booter.ForkedBooter.run(ForkedBooter.java:507)
		at org.apache.maven.surefire.booter.ForkedBooter.main(ForkedBooter.java:495)
	Suppressed: com.azure.identity.CredentialUnavailableException: EnvironmentCredential authentication unavailable. Environment variables are not fully configured.To mitigate this issue, please refer to the troubleshooting guidelines here at https://aka.ms/azsdk/java/identity/environmentcredential/troubleshoot
ManagedIdentityCredential authentication unavailable. Connection to IMDS endpoint cannot be established, connect timed out.
SharedTokenCacheCredential authentication unavailable. No accounts were found in the cache.
IntelliJ Authentication not available. Please log in with Azure Tools for IntelliJ plugin in the IDE.
Failed to read Vs Code credentials from Windows Credential API.
AzureCliCredential authentication unavailable. Please run 'az login' to set up account. To further mitigate this issue, please refer to the troubleshooting guidelines here at https://aka.ms/azsdk/java/identity/azclicredential/troubleshoot
Azure PowerShell authentication failed using defaultpowershell(pwsh) with following error: Unable to execute PowerShell. Please make sure that it is installed in your system.
Azure PowerShell authentication failed using powershell-core(powershell) with following error: Az.Account module with version >= 2.2.0 is not installed. It needs to be installed to use Azure PowerShell Credential.To mitigate this issue, please refer to the troubleshooting guidelines here at https://aka.ms/azure-identity-java-default-azure-credential-troubleshoot
		... 57 more
		Suppressed: java.lang.Exception: #block terminated with an error
			at reactor.core.publisher.BlockingSingleSubscriber.blockingGet(BlockingSingleSubscriber.java:100)
			at reactor.core.publisher.Mono.block(Mono.java:1742)
			at com.azure.core.credential.TokenCredential.getTokenSync(TokenCredential.java:110)
			at com.azure.core.implementation.AccessTokenCache.lambda$new$2(AccessTokenCache.java:65)
			at com.azure.core.implementation.AccessTokenCache.lambda$retrieveTokenSync$11(AccessTokenCache.java:230)
			at com.azure.core.implementation.AccessTokenCache.getTokenSync(AccessTokenCache.java:93)
			at com.azure.core.http.policy.BearerTokenAuthenticationPolicy.setAuthorizationHeaderHelperSync(BearerTokenAuthenticationPolicy.java:220)
			at com.azure.core.http.policy.BearerTokenAuthenticationPolicy.setAuthorizationHeaderSync(BearerTokenAuthenticationPolicy.java:207)
			at com.azure.security.keyvault.secrets.implementation.KeyVaultCredentialPolicy.authorizeRequestOnChallengeSync(KeyVaultCredentialPolicy.java:340)
			at com.azure.security.keyvault.secrets.implementation.KeyVaultCredentialPolicy.handleChallengeSync(KeyVaultCredentialPolicy.java:415)
			at com.azure.security.keyvault.secrets.implementation.KeyVaultCredentialPolicy.processSync(KeyVaultCredentialPolicy.java:379)
			at com.azure.core.http.HttpPipelineNextSyncPolicy.processSync(HttpPipelineNextSyncPolicy.java:53)
			at com.azure.core.http.policy.RetryPolicy.attemptSync(RetryPolicy.java:217)
			at com.azure.core.http.policy.RetryPolicy.processSync(RetryPolicy.java:161)
			at com.azure.core.http.HttpPipelineNextSyncPolicy.processSync(HttpPipelineNextSyncPolicy.java:53)
			at com.azure.core.http.policy.AddHeadersPolicy.processSync(AddHeadersPolicy.java:66)
			at com.azure.core.http.HttpPipelineNextSyncPolicy.processSync(HttpPipelineNextSyncPolicy.java:53)
			at com.azure.core.http.policy.HttpPipelineSyncPolicy.processSync(HttpPipelineSyncPolicy.java:51)
			at com.azure.core.http.policy.UserAgentPolicy.processSync(UserAgentPolicy.java:174)
			at com.azure.core.http.HttpPipelineNextSyncPolicy.processSync(HttpPipelineNextSyncPolicy.java:53)
			at com.azure.core.http.HttpPipeline.sendSync(HttpPipeline.java:138)
			at com.azure.core.implementation.http.rest.SyncRestProxy.send(SyncRestProxy.java:62)
			at com.azure.core.implementation.http.rest.SyncRestProxy.invoke(SyncRestProxy.java:83)
			at com.azure.core.implementation.http.rest.RestProxyBase.invoke(RestProxyBase.java:124)
			at com.azure.core.http.rest.RestProxy.invoke(RestProxy.java:95)
			at com.sun.proxy.$Proxy19.getSecretSync(Unknown Source)
			at com.azure.security.keyvault.secrets.implementation.SecretClientImpl.getSecretWithResponse(SecretClientImpl.java:936)
			at com.azure.security.keyvault.secrets.SecretClient.lambda$getSecretWithResponse$1(SecretClient.java:360)
			at com.azure.security.keyvault.secrets.SecretClient.callWithMappedException(SecretClient.java:1027)
			at com.azure.security.keyvault.secrets.SecretClient.getSecretWithResponse(SecretClient.java:359)
			at com.azure.security.keyvault.secrets.SecretClient.getSecret(SecretClient.java:296)
			at com.fabrikam.Function.<init>(Function.java:36)
			at com.fabrikam.FunctionTest.testHttpTriggerJava(FunctionTest.java:48)
			at sun.reflect.NativeMethodAccessorImpl.invoke0(Native Method)
			at sun.reflect.NativeMethodAccessorImpl.invoke(NativeMethodAccessorImpl.java:62)
			at sun.reflect.DelegatingMethodAccessorImpl.invoke(DelegatingMethodAccessorImpl.java:43)
			at java.lang.reflect.Method.invoke(Method.java:498)
			at org.junit.platform.commons.util.ReflectionUtils.invokeMethod(ReflectionUtils.java:628)
			at org.junit.jupiter.engine.execution.ExecutableInvoker.invoke(ExecutableInvoker.java:117)
			at org.junit.jupiter.engine.descriptor.TestMethodTestDescriptor.lambda$invokeTestMethod$7(TestMethodTestDescriptor.java:184)
			at org.junit.platform.engine.support.hierarchical.ThrowableCollector.execute(ThrowableCollector.java:73)
			at org.junit.jupiter.engine.descriptor.TestMethodTestDescriptor.invokeTestMethod(TestMethodTestDescriptor.java:180)
			at org.junit.jupiter.engine.descriptor.TestMethodTestDescriptor.execute(TestMethodTestDescriptor.java:127)
			at org.junit.jupiter.engine.descriptor.TestMethodTestDescriptor.execute(TestMethodTestDescriptor.java:68)
			at org.junit.platform.engine.support.hierarchical.NodeTestTask.lambda$executeRecursively$5(NodeTestTask.java:135)
			at org.junit.platform.engine.support.hierarchical.ThrowableCollector.execute(ThrowableCollector.java:73)
			at org.junit.platform.engine.support.hierarchical.NodeTestTask.lambda$executeRecursively$7(NodeTestTask.java:125)
			at org.junit.platform.engine.support.hierarchical.Node.around(Node.java:135)
			at org.junit.platform.engine.support.hierarchical.NodeTestTask.lambda$executeRecursively$8(NodeTestTask.java:123)
			at org.junit.platform.engine.support.hierarchical.ThrowableCollector.execute(ThrowableCollector.java:73)
			at org.junit.platform.engine.support.hierarchical.NodeTestTask.executeRecursively(NodeTestTask.java:122)
			at org.junit.platform.engine.support.hierarchical.NodeTestTask.execute(NodeTestTask.java:80)
			at java.util.ArrayList.forEach(ArrayList.java:1259)
			at org.junit.platform.engine.support.hierarchical.SameThreadHierarchicalTestExecutorService.invokeAll(SameThreadHierarchicalTestExecutorService.java:38)
			at org.junit.platform.engine.support.hierarchical.NodeTestTask.lambda$executeRecursively$5(NodeTestTask.java:139)
			at org.junit.platform.engine.support.hierarchical.ThrowableCollector.execute(ThrowableCollector.java:73)
			at org.junit.platform.engine.support.hierarchical.NodeTestTask.lambda$executeRecursively$7(NodeTestTask.java:125)
			at org.junit.platform.engine.support.hierarchical.Node.around(Node.java:135)
			at org.junit.platform.engine.support.hierarchical.NodeTestTask.lambda$executeRecursively$8(NodeTestTask.java:123)
			at org.junit.platform.engine.support.hierarchical.ThrowableCollector.execute(ThrowableCollector.java:73)
			at org.junit.platform.engine.support.hierarchical.NodeTestTask.executeRecursively(NodeTestTask.java:122)
			at org.junit.platform.engine.support.hierarchical.NodeTestTask.execute(NodeTestTask.java:80)
			at java.util.ArrayList.forEach(ArrayList.java:1259)
			at org.junit.platform.engine.support.hierarchical.SameThreadHierarchicalTestExecutorService.invokeAll(SameThreadHierarchicalTestExecutorService.java:38)
			at org.junit.platform.engine.support.hierarchical.NodeTestTask.lambda$executeRecursively$5(NodeTestTask.java:139)
			at org.junit.platform.engine.support.hierarchical.ThrowableCollector.execute(ThrowableCollector.java:73)
			at org.junit.platform.engine.support.hierarchical.NodeTestTask.lambda$executeRecursively$7(NodeTestTask.java:125)
			at org.junit.platform.engine.support.hierarchical.Node.around(Node.java:135)
			at org.junit.platform.engine.support.hierarchical.NodeTestTask.lambda$executeRecursively$8(NodeTestTask.java:123)
			at org.junit.platform.engine.support.hierarchical.ThrowableCollector.execute(ThrowableCollector.java:73)
			at org.junit.platform.engine.support.hierarchical.NodeTestTask.executeRecursively(NodeTestTask.java:122)
			at org.junit.platform.engine.support.hierarchical.NodeTestTask.execute(NodeTestTask.java:80)
			at org.junit.platform.engine.support.hierarchical.SameThreadHierarchicalTestExecutorService.submit(SameThreadHierarchicalTestExecutorService.java:32)
			at org.junit.platform.engine.support.hierarchical.HierarchicalTestExecutor.execute(HierarchicalTestExecutor.java:57)
			at org.junit.platform.engine.support.hierarchical.HierarchicalTestEngine.execute(HierarchicalTestEngine.java:51)
			at org.junit.platform.launcher.core.DefaultLauncher.execute(DefaultLauncher.java:229)
			at org.junit.platform.launcher.core.DefaultLauncher.lambda$execute$6(DefaultLauncher.java:197)
			at org.junit.platform.launcher.core.DefaultLauncher.withInterceptedStreams(DefaultLauncher.java:211)
			at org.junit.platform.launcher.core.DefaultLauncher.execute(DefaultLauncher.java:191)
			at org.junit.platform.launcher.core.DefaultLauncher.execute(DefaultLauncher.java:128)
			at org.apache.maven.surefire.junitplatform.LazyLauncher.execute(LazyLauncher.java:56)
			at org.apache.maven.surefire.junitplatform.JUnitPlatformProvider.execute(JUnitPlatformProvider.java:184)
			at org.apache.maven.surefire.junitplatform.JUnitPlatformProvider.invokeAllTests(JUnitPlatformProvider.java:148)
			at org.apache.maven.surefire.junitplatform.JUnitPlatformProvider.invoke(JUnitPlatformProvider.java:122)
			at org.apache.maven.surefire.booter.ForkedBooter.runSuitesInProcess(ForkedBooter.java:385)
			at org.apache.maven.surefire.booter.ForkedBooter.execute(ForkedBooter.java:162)
			at org.apache.maven.surefire.booter.ForkedBooter.run(ForkedBooter.java:507)
			at org.apache.maven.surefire.booter.ForkedBooter.main(ForkedBooter.java:495)
	Suppressed: com.azure.identity.CredentialUnavailableException: EnvironmentCredential authentication unavailable. Environment variables are not fully configured.To mitigate this issue, please refer to the troubleshooting guidelines here at https://aka.ms/azsdk/java/identity/environmentcredential/troubleshoot
ManagedIdentityCredential authentication unavailable. Connection to IMDS endpoint cannot be established, connect timed out.
SharedTokenCacheCredential authentication unavailable. No accounts were found in the cache.
IntelliJ Authentication not available. Please log in with Azure Tools for IntelliJ plugin in the IDE.
Failed to read Vs Code credentials from Windows Credential API.
AzureCliCredential authentication unavailable. Please run 'az login' to set up account. To further mitigate this issue, please refer to the troubleshooting guidelines here at https://aka.ms/azsdk/java/identity/azclicredential/troubleshoot
Azure PowerShell authentication failed using defaultpowershell(pwsh) with following error: Unable to execute PowerShell. Please make sure that it is installed in your system.
Azure PowerShell authentication failed using powershell-core(powershell) with following error: Az.Account module with version >= 2.2.0 is not installed. It needs to be installed to use Azure PowerShell Credential.To mitigate this issue, please refer to the troubleshooting guidelines here at https://aka.ms/azure-identity-java-default-azure-credential-troubleshoot
		... 57 more
		Suppressed: java.lang.Exception: #block terminated with an error
			at reactor.core.publisher.BlockingSingleSubscriber.blockingGet(BlockingSingleSubscriber.java:100)
			at reactor.core.publisher.Mono.block(Mono.java:1742)
			at com.azure.core.credential.TokenCredential.getTokenSync(TokenCredential.java:110)
			at com.azure.core.implementation.AccessTokenCache.lambda$new$2(AccessTokenCache.java:65)
			at com.azure.core.implementation.AccessTokenCache.lambda$retrieveTokenSync$11(AccessTokenCache.java:230)
			at com.azure.core.implementation.AccessTokenCache.getTokenSync(AccessTokenCache.java:93)
			at com.azure.core.http.policy.BearerTokenAuthenticationPolicy.setAuthorizationHeaderHelperSync(BearerTokenAuthenticationPolicy.java:220)
			at com.azure.core.http.policy.BearerTokenAuthenticationPolicy.setAuthorizationHeaderSync(BearerTokenAuthenticationPolicy.java:207)
			at com.azure.security.keyvault.secrets.implementation.KeyVaultCredentialPolicy.authorizeRequestSync(KeyVaultCredentialPolicy.java:241)
			at com.azure.security.keyvault.secrets.implementation.KeyVaultCredentialPolicy.processSync(KeyVaultCredentialPolicy.java:373)
			at com.azure.core.http.HttpPipelineNextSyncPolicy.processSync(HttpPipelineNextSyncPolicy.java:53)
			at com.azure.core.http.policy.RetryPolicy.attemptSync(RetryPolicy.java:217)
			at com.azure.core.http.policy.RetryPolicy.attemptSync(RetryPolicy.java:233)
			at com.azure.core.http.policy.RetryPolicy.processSync(RetryPolicy.java:161)
			at com.azure.core.http.HttpPipelineNextSyncPolicy.processSync(HttpPipelineNextSyncPolicy.java:53)
			at com.azure.core.http.policy.AddHeadersPolicy.processSync(AddHeadersPolicy.java:66)
			at com.azure.core.http.HttpPipelineNextSyncPolicy.processSync(HttpPipelineNextSyncPolicy.java:53)
			at com.azure.core.http.policy.HttpPipelineSyncPolicy.processSync(HttpPipelineSyncPolicy.java:51)
			at com.azure.core.http.policy.UserAgentPolicy.processSync(UserAgentPolicy.java:174)
			at com.azure.core.http.HttpPipelineNextSyncPolicy.processSync(HttpPipelineNextSyncPolicy.java:53)
			at com.azure.core.http.HttpPipeline.sendSync(HttpPipeline.java:138)
			at com.azure.core.implementation.http.rest.SyncRestProxy.send(SyncRestProxy.java:62)
			at com.azure.core.implementation.http.rest.SyncRestProxy.invoke(SyncRestProxy.java:83)
			at com.azure.core.implementation.http.rest.RestProxyBase.invoke(RestProxyBase.java:124)
			at com.azure.core.http.rest.RestProxy.invoke(RestProxy.java:95)
			at com.sun.proxy.$Proxy19.getSecretSync(Unknown Source)
			at com.azure.security.keyvault.secrets.implementation.SecretClientImpl.getSecretWithResponse(SecretClientImpl.java:936)
			at com.azure.security.keyvault.secrets.SecretClient.lambda$getSecretWithResponse$1(SecretClient.java:360)
			at com.azure.security.keyvault.secrets.SecretClient.callWithMappedException(SecretClient.java:1027)
			at com.azure.security.keyvault.secrets.SecretClient.getSecretWithResponse(SecretClient.java:359)
			at com.azure.security.keyvault.secrets.SecretClient.getSecret(SecretClient.java:296)
			at com.fabrikam.Function.<init>(Function.java:36)
			at com.fabrikam.FunctionTest.testHttpTriggerJava(FunctionTest.java:48)
			at sun.reflect.NativeMethodAccessorImpl.invoke0(Native Method)
			at sun.reflect.NativeMethodAccessorImpl.invoke(NativeMethodAccessorImpl.java:62)
			at sun.reflect.DelegatingMethodAccessorImpl.invoke(DelegatingMethodAccessorImpl.java:43)
			at java.lang.reflect.Method.invoke(Method.java:498)
			at org.junit.platform.commons.util.ReflectionUtils.invokeMethod(ReflectionUtils.java:628)
			at org.junit.jupiter.engine.execution.ExecutableInvoker.invoke(ExecutableInvoker.java:117)
			at org.junit.jupiter.engine.descriptor.TestMethodTestDescriptor.lambda$invokeTestMethod$7(TestMethodTestDescriptor.java:184)
			at org.junit.platform.engine.support.hierarchical.ThrowableCollector.execute(ThrowableCollector.java:73)
			at org.junit.jupiter.engine.descriptor.TestMethodTestDescriptor.invokeTestMethod(TestMethodTestDescriptor.java:180)
			at org.junit.jupiter.engine.descriptor.TestMethodTestDescriptor.execute(TestMethodTestDescriptor.java:127)
			at org.junit.jupiter.engine.descriptor.TestMethodTestDescriptor.execute(TestMethodTestDescriptor.java:68)
			at org.junit.platform.engine.support.hierarchical.NodeTestTask.lambda$executeRecursively$5(NodeTestTask.java:135)
			at org.junit.platform.engine.support.hierarchical.ThrowableCollector.execute(ThrowableCollector.java:73)
			at org.junit.platform.engine.support.hierarchical.NodeTestTask.lambda$executeRecursively$7(NodeTestTask.java:125)
			at org.junit.platform.engine.support.hierarchical.Node.around(Node.java:135)
			at org.junit.platform.engine.support.hierarchical.NodeTestTask.lambda$executeRecursively$8(NodeTestTask.java:123)
			at org.junit.platform.engine.support.hierarchical.ThrowableCollector.execute(ThrowableCollector.java:73)
			at org.junit.platform.engine.support.hierarchical.NodeTestTask.executeRecursively(NodeTestTask.java:122)
			at org.junit.platform.engine.support.hierarchical.NodeTestTask.execute(NodeTestTask.java:80)
			at java.util.ArrayList.forEach(ArrayList.java:1259)
			at org.junit.platform.engine.support.hierarchical.SameThreadHierarchicalTestExecutorService.invokeAll(SameThreadHierarchicalTestExecutorService.java:38)
			at org.junit.platform.engine.support.hierarchical.NodeTestTask.lambda$executeRecursively$5(NodeTestTask.java:139)
			at org.junit.platform.engine.support.hierarchical.ThrowableCollector.execute(ThrowableCollector.java:73)
			at org.junit.platform.engine.support.hierarchical.NodeTestTask.lambda$executeRecursively$7(NodeTestTask.java:125)
			at org.junit.platform.engine.support.hierarchical.Node.around(Node.java:135)
			at org.junit.platform.engine.support.hierarchical.NodeTestTask.lambda$executeRecursively$8(NodeTestTask.java:123)
			at org.junit.platform.engine.support.hierarchical.ThrowableCollector.execute(ThrowableCollector.java:73)
			at org.junit.platform.engine.support.hierarchical.NodeTestTask.executeRecursively(NodeTestTask.java:122)
			at org.junit.platform.engine.support.hierarchical.NodeTestTask.execute(NodeTestTask.java:80)
			at java.util.ArrayList.forEach(ArrayList.java:1259)
			at org.junit.platform.engine.support.hierarchical.SameThreadHierarchicalTestExecutorService.invokeAll(SameThreadHierarchicalTestExecutorService.java:38)
			at org.junit.platform.engine.support.hierarchical.NodeTestTask.lambda$executeRecursively$5(NodeTestTask.java:139)
			at org.junit.platform.engine.support.hierarchical.ThrowableCollector.execute(ThrowableCollector.java:73)
			at org.junit.platform.engine.support.hierarchical.NodeTestTask.lambda$executeRecursively$7(NodeTestTask.java:125)
			at org.junit.platform.engine.support.hierarchical.Node.around(Node.java:135)
			at org.junit.platform.engine.support.hierarchical.NodeTestTask.lambda$executeRecursively$8(NodeTestTask.java:123)
			at org.junit.platform.engine.support.hierarchical.ThrowableCollector.execute(ThrowableCollector.java:73)
			at org.junit.platform.engine.support.hierarchical.NodeTestTask.executeRecursively(NodeTestTask.java:122)
			at org.junit.platform.engine.support.hierarchical.NodeTestTask.execute(NodeTestTask.java:80)
			at org.junit.platform.engine.support.hierarchical.SameThreadHierarchicalTestExecutorService.submit(SameThreadHierarchicalTestExecutorService.java:32)
			at org.junit.platform.engine.support.hierarchical.HierarchicalTestExecutor.execute(HierarchicalTestExecutor.java:57)
			at org.junit.platform.engine.support.hierarchical.HierarchicalTestEngine.execute(HierarchicalTestEngine.java:51)
			at org.junit.platform.launcher.core.DefaultLauncher.execute(DefaultLauncher.java:229)
			at org.junit.platform.launcher.core.DefaultLauncher.lambda$execute$6(DefaultLauncher.java:197)
			at org.junit.platform.launcher.core.DefaultLauncher.withInterceptedStreams(DefaultLauncher.java:211)
			at org.junit.platform.launcher.core.DefaultLauncher.execute(DefaultLauncher.java:191)
			at org.junit.platform.launcher.core.DefaultLauncher.execute(DefaultLauncher.java:128)
			at org.apache.maven.surefire.junitplatform.LazyLauncher.execute(LazyLauncher.java:56)
			at org.apache.maven.surefire.junitplatform.JUnitPlatformProvider.execute(JUnitPlatformProvider.java:184)
			at org.apache.maven.surefire.junitplatform.JUnitPlatformProvider.invokeAllTests(JUnitPlatformProvider.java:148)
			at org.apache.maven.surefire.junitplatform.JUnitPlatformProvider.invoke(JUnitPlatformProvider.java:122)
			at org.apache.maven.surefire.booter.ForkedBooter.runSuitesInProcess(ForkedBooter.java:385)
			at org.apache.maven.surefire.booter.ForkedBooter.execute(ForkedBooter.java:162)
			at org.apache.maven.surefire.booter.ForkedBooter.run(ForkedBooter.java:507)
			at org.apache.maven.surefire.booter.ForkedBooter.main(ForkedBooter.java:495)
	Suppressed: com.azure.identity.CredentialUnavailableException: EnvironmentCredential authentication unavailable. Environment variables are not fully configured.To mitigate this issue, please refer to the troubleshooting guidelines here at https://aka.ms/azsdk/java/identity/environmentcredential/troubleshoot
ManagedIdentityCredential authentication unavailable. Connection to IMDS endpoint cannot be established, connect timed out.
SharedTokenCacheCredential authentication unavailable. No accounts were found in the cache.
IntelliJ Authentication not available. Please log in with Azure Tools for IntelliJ plugin in the IDE.
Failed to read Vs Code credentials from Windows Credential API.
AzureCliCredential authentication unavailable. Please run 'az login' to set up account. To further mitigate this issue, please refer to the troubleshooting guidelines here at https://aka.ms/azsdk/java/identity/azclicredential/troubleshoot
Azure PowerShell authentication failed using defaultpowershell(pwsh) with following error: Unable to execute PowerShell. Please make sure that it is installed in your system.
Azure PowerShell authentication failed using powershell-core(powershell) with following error: Az.Account module with version >= 2.2.0 is not installed. It needs to be installed to use Azure PowerShell Credential.To mitigate this issue, please refer to the troubleshooting guidelines here at https://aka.ms/azure-identity-java-default-azure-credential-troubleshoot
		... 57 more
		Suppressed: java.lang.Exception: #block terminated with an error
			at reactor.core.publisher.BlockingSingleSubscriber.blockingGet(BlockingSingleSubscriber.java:100)
			at reactor.core.publisher.Mono.block(Mono.java:1742)
			at com.azure.core.credential.TokenCredential.getTokenSync(TokenCredential.java:110)
			at com.azure.core.implementation.AccessTokenCache.lambda$new$2(AccessTokenCache.java:65)
			at com.azure.core.implementation.AccessTokenCache.lambda$retrieveTokenSync$11(AccessTokenCache.java:230)
			at com.azure.core.implementation.AccessTokenCache.getTokenSync(AccessTokenCache.java:93)
			at com.azure.core.http.policy.BearerTokenAuthenticationPolicy.setAuthorizationHeaderHelperSync(BearerTokenAuthenticationPolicy.java:220)
			at com.azure.core.http.policy.BearerTokenAuthenticationPolicy.setAuthorizationHeaderSync(BearerTokenAuthenticationPolicy.java:207)
			at com.azure.security.keyvault.secrets.implementation.KeyVaultCredentialPolicy.authorizeRequestSync(KeyVaultCredentialPolicy.java:241)
			at com.azure.security.keyvault.secrets.implementation.KeyVaultCredentialPolicy.processSync(KeyVaultCredentialPolicy.java:373)
			at com.azure.core.http.HttpPipelineNextSyncPolicy.processSync(HttpPipelineNextSyncPolicy.java:53)
			at com.azure.core.http.policy.RetryPolicy.attemptSync(RetryPolicy.java:217)
			at com.azure.core.http.policy.RetryPolicy.attemptSync(RetryPolicy.java:233)
			at com.azure.core.http.policy.RetryPolicy.attemptSync(RetryPolicy.java:233)
			at com.azure.core.http.policy.RetryPolicy.processSync(RetryPolicy.java:161)
			at com.azure.core.http.HttpPipelineNextSyncPolicy.processSync(HttpPipelineNextSyncPolicy.java:53)
			at com.azure.core.http.policy.AddHeadersPolicy.processSync(AddHeadersPolicy.java:66)
			at com.azure.core.http.HttpPipelineNextSyncPolicy.processSync(HttpPipelineNextSyncPolicy.java:53)
			at com.azure.core.http.policy.HttpPipelineSyncPolicy.processSync(HttpPipelineSyncPolicy.java:51)
			at com.azure.core.http.policy.UserAgentPolicy.processSync(UserAgentPolicy.java:174)
			at com.azure.core.http.HttpPipelineNextSyncPolicy.processSync(HttpPipelineNextSyncPolicy.java:53)
			at com.azure.core.http.HttpPipeline.sendSync(HttpPipeline.java:138)
			at com.azure.core.implementation.http.rest.SyncRestProxy.send(SyncRestProxy.java:62)
			at com.azure.core.implementation.http.rest.SyncRestProxy.invoke(SyncRestProxy.java:83)
			at com.azure.core.implementation.http.rest.RestProxyBase.invoke(RestProxyBase.java:124)
			at com.azure.core.http.rest.RestProxy.invoke(RestProxy.java:95)
			at com.sun.proxy.$Proxy19.getSecretSync(Unknown Source)
			at com.azure.security.keyvault.secrets.implementation.SecretClientImpl.getSecretWithResponse(SecretClientImpl.java:936)
			at com.azure.security.keyvault.secrets.SecretClient.lambda$getSecretWithResponse$1(SecretClient.java:360)
			at com.azure.security.keyvault.secrets.SecretClient.callWithMappedException(SecretClient.java:1027)
			at com.azure.security.keyvault.secrets.SecretClient.getSecretWithResponse(SecretClient.java:359)
			at com.azure.security.keyvault.secrets.SecretClient.getSecret(SecretClient.java:296)
			at com.fabrikam.Function.<init>(Function.java:36)
			at com.fabrikam.FunctionTest.testHttpTriggerJava(FunctionTest.java:48)
			at sun.reflect.NativeMethodAccessorImpl.invoke0(Native Method)
			at sun.reflect.NativeMethodAccessorImpl.invoke(NativeMethodAccessorImpl.java:62)
			at sun.reflect.DelegatingMethodAccessorImpl.invoke(DelegatingMethodAccessorImpl.java:43)
			at java.lang.reflect.Method.invoke(Method.java:498)
			at org.junit.platform.commons.util.ReflectionUtils.invokeMethod(ReflectionUtils.java:628)
			at org.junit.jupiter.engine.execution.ExecutableInvoker.invoke(ExecutableInvoker.java:117)
			at org.junit.jupiter.engine.descriptor.TestMethodTestDescriptor.lambda$invokeTestMethod$7(TestMethodTestDescriptor.java:184)
			at org.junit.platform.engine.support.hierarchical.ThrowableCollector.execute(ThrowableCollector.java:73)
			at org.junit.jupiter.engine.descriptor.TestMethodTestDescriptor.invokeTestMethod(TestMethodTestDescriptor.java:180)
			at org.junit.jupiter.engine.descriptor.TestMethodTestDescriptor.execute(TestMethodTestDescriptor.java:127)
			at org.junit.jupiter.engine.descriptor.TestMethodTestDescriptor.execute(TestMethodTestDescriptor.java:68)
			at org.junit.platform.engine.support.hierarchical.NodeTestTask.lambda$executeRecursively$5(NodeTestTask.java:135)
			at org.junit.platform.engine.support.hierarchical.ThrowableCollector.execute(ThrowableCollector.java:73)
			at org.junit.platform.engine.support.hierarchical.NodeTestTask.lambda$executeRecursively$7(NodeTestTask.java:125)
			at org.junit.platform.engine.support.hierarchical.Node.around(Node.java:135)
			at org.junit.platform.engine.support.hierarchical.NodeTestTask.lambda$executeRecursively$8(NodeTestTask.java:123)
			at org.junit.platform.engine.support.hierarchical.ThrowableCollector.execute(ThrowableCollector.java:73)
			at org.junit.platform.engine.support.hierarchical.NodeTestTask.executeRecursively(NodeTestTask.java:122)
			at org.junit.platform.engine.support.hierarchical.NodeTestTask.execute(NodeTestTask.java:80)
			at java.util.ArrayList.forEach(ArrayList.java:1259)
			at org.junit.platform.engine.support.hierarchical.SameThreadHierarchicalTestExecutorService.invokeAll(SameThreadHierarchicalTestExecutorService.java:38)
			at org.junit.platform.engine.support.hierarchical.NodeTestTask.lambda$executeRecursively$5(NodeTestTask.java:139)
			at org.junit.platform.engine.support.hierarchical.ThrowableCollector.execute(ThrowableCollector.java:73)
			at org.junit.platform.engine.support.hierarchical.NodeTestTask.lambda$executeRecursively$7(NodeTestTask.java:125)
			at org.junit.platform.engine.support.hierarchical.Node.around(Node.java:135)
			at org.junit.platform.engine.support.hierarchical.NodeTestTask.lambda$executeRecursively$8(NodeTestTask.java:123)
			at org.junit.platform.engine.support.hierarchical.ThrowableCollector.execute(ThrowableCollector.java:73)
			at org.junit.platform.engine.support.hierarchical.NodeTestTask.executeRecursively(NodeTestTask.java:122)
			at org.junit.platform.engine.support.hierarchical.NodeTestTask.execute(NodeTestTask.java:80)
			at java.util.ArrayList.forEach(ArrayList.java:1259)
			at org.junit.platform.engine.support.hierarchical.SameThreadHierarchicalTestExecutorService.invokeAll(SameThreadHierarchicalTestExecutorService.java:38)
			at org.junit.platform.engine.support.hierarchical.NodeTestTask.lambda$executeRecursively$5(NodeTestTask.java:139)
			at org.junit.platform.engine.support.hierarchical.ThrowableCollector.execute(ThrowableCollector.java:73)
			at org.junit.platform.engine.support.hierarchical.NodeTestTask.lambda$executeRecursively$7(NodeTestTask.java:125)
			at org.junit.platform.engine.support.hierarchical.Node.around(Node.java:135)
			at org.junit.platform.engine.support.hierarchical.NodeTestTask.lambda$executeRecursively$8(NodeTestTask.java:123)
			at org.junit.platform.engine.support.hierarchical.ThrowableCollector.execute(ThrowableCollector.java:73)
			at org.junit.platform.engine.support.hierarchical.NodeTestTask.executeRecursively(NodeTestTask.java:122)
			at org.junit.platform.engine.support.hierarchical.NodeTestTask.execute(NodeTestTask.java:80)
			at org.junit.platform.engine.support.hierarchical.SameThreadHierarchicalTestExecutorService.submit(SameThreadHierarchicalTestExecutorService.java:32)
			at org.junit.platform.engine.support.hierarchical.HierarchicalTestExecutor.execute(HierarchicalTestExecutor.java:57)
			at org.junit.platform.engine.support.hierarchical.HierarchicalTestEngine.execute(HierarchicalTestEngine.java:51)
			at org.junit.platform.launcher.core.DefaultLauncher.execute(DefaultLauncher.java:229)
			at org.junit.platform.launcher.core.DefaultLauncher.lambda$execute$6(DefaultLauncher.java:197)
			at org.junit.platform.launcher.core.DefaultLauncher.withInterceptedStreams(DefaultLauncher.java:211)
			at org.junit.platform.launcher.core.DefaultLauncher.execute(DefaultLauncher.java:191)
			at org.junit.platform.launcher.core.DefaultLauncher.execute(DefaultLauncher.java:128)
			at org.apache.maven.surefire.junitplatform.LazyLauncher.execute(LazyLauncher.java:56)
			at org.apache.maven.surefire.junitplatform.JUnitPlatformProvider.execute(JUnitPlatformProvider.java:184)
			at org.apache.maven.surefire.junitplatform.JUnitPlatformProvider.invokeAllTests(JUnitPlatformProvider.java:148)
			at org.apache.maven.surefire.junitplatform.JUnitPlatformProvider.invoke(JUnitPlatformProvider.java:122)
			at org.apache.maven.surefire.booter.ForkedBooter.runSuitesInProcess(ForkedBooter.java:385)
			at org.apache.maven.surefire.booter.ForkedBooter.execute(ForkedBooter.java:162)
			at org.apache.maven.surefire.booter.ForkedBooter.run(ForkedBooter.java:507)
			at org.apache.maven.surefire.booter.ForkedBooter.main(ForkedBooter.java:495)

