<?xml version="1.0" encoding="UTF-8"?>
<testsuite xmlns:xsi="http://www.w3.org/2001/XMLSchema-instance" xsi:noNamespaceSchemaLocation="https://maven.apache.org/surefire/maven-surefire-plugin/xsd/surefire-test-report-3.0.xsd" version="3.0" name="com.fabrikam.FunctionTest" time="40.901" tests="1" errors="1" skipped="0" failures="0">
  <properties>
    <property name="sun.desktop" value="windows"/>
    <property name="awt.toolkit" value="sun.awt.windows.WToolkit"/>
    <property name="file.encoding.pkg" value="sun.io"/>
    <property name="java.specification.version" value="1.8"/>
    <property name="sun.cpu.isalist" value="amd64"/>
    <property name="sun.jnu.encoding" value="Cp1252"/>
    <property name="java.class.path" value="C:\source\excalifanDev\functions\target\test-classes;C:\source\excalifanDev\functions\target\classes;C:\Users\Tonaion\.m2\repository\com\microsoft\azure\functions\azure-functions-java-library\2.2.0\azure-functions-java-library-2.2.0.jar;C:\Users\Tonaion\.m2\repository\com\microsoft\azure\functions\azure-functions-java-core-library\1.2.0\azure-functions-java-core-library-1.2.0.jar;C:\Users\Tonaion\.m2\repository\com\azure\azure-security-keyvault-secrets\4.9.1\azure-security-keyvault-secrets-4.9.1.jar;C:\Users\Tonaion\.m2\repository\com\azure\azure-core\1.54.1\azure-core-1.54.1.jar;C:\Users\Tonaion\.m2\repository\com\azure\azure-xml\1.1.0\azure-xml-1.1.0.jar;C:\Users\Tonaion\.m2\repository\com\fasterxml\jackson\core\jackson-annotations\2.17.2\jackson-annotations-2.17.2.jar;C:\Users\Tonaion\.m2\repository\com\fasterxml\jackson\core\jackson-core\2.17.2\jackson-core-2.17.2.jar;C:\Users\Tonaion\.m2\repository\com\fasterxml\jackson\core\jackson-databind\2.17.2\jackson-databind-2.17.2.jar;C:\Users\Tonaion\.m2\repository\com\fasterxml\jackson\datatype\jackson-datatype-jsr310\2.17.2\jackson-datatype-jsr310-2.17.2.jar;C:\Users\Tonaion\.m2\repository\org\slf4j\slf4j-api\1.7.36\slf4j-api-1.7.36.jar;C:\Users\Tonaion\.m2\repository\io\projectreactor\reactor-core\3.4.41\reactor-core-3.4.41.jar;C:\Users\Tonaion\.m2\repository\org\reactivestreams\reactive-streams\1.0.4\reactive-streams-1.0.4.jar;C:\Users\Tonaion\.m2\repository\com\azure\azure-json\1.3.0\azure-json-1.3.0.jar;C:\Users\Tonaion\.m2\repository\com\azure\azure-core-http-netty\1.15.7\azure-core-http-netty-1.15.7.jar;C:\Users\Tonaion\.m2\repository\io\netty\netty-handler\4.1.115.Final\netty-handler-4.1.115.Final.jar;C:\Users\Tonaion\.m2\repository\io\netty\netty-resolver\4.1.115.Final\netty-resolver-4.1.115.Final.jar;C:\Users\Tonaion\.m2\repository\io\netty\netty-transport\4.1.115.Final\netty-transport-4.1.115.Final.jar;C:\Users\Tonaion\.m2\repository\io\netty\netty-handler-proxy\4.1.115.Final\netty-handler-proxy-4.1.115.Final.jar;C:\Users\Tonaion\.m2\repository\io\netty\netty-codec-socks\4.1.115.Final\netty-codec-socks-4.1.115.Final.jar;C:\Users\Tonaion\.m2\repository\io\netty\netty-buffer\4.1.115.Final\netty-buffer-4.1.115.Final.jar;C:\Users\Tonaion\.m2\repository\io\netty\netty-codec\4.1.115.Final\netty-codec-4.1.115.Final.jar;C:\Users\Tonaion\.m2\repository\io\netty\netty-codec-http\4.1.115.Final\netty-codec-http-4.1.115.Final.jar;C:\Users\Tonaion\.m2\repository\io\netty\netty-codec-http2\4.1.115.Final\netty-codec-http2-4.1.115.Final.jar;C:\Users\Tonaion\.m2\repository\io\netty\netty-transport-native-unix-common\4.1.115.Final\netty-transport-native-unix-common-4.1.115.Final.jar;C:\Users\Tonaion\.m2\repository\io\netty\netty-transport-native-epoll\4.1.115.Final\netty-transport-native-epoll-4.1.115.Final-linux-x86_64.jar;C:\Users\Tonaion\.m2\repository\io\netty\netty-transport-classes-epoll\4.1.115.Final\netty-transport-classes-epoll-4.1.115.Final.jar;C:\Users\Tonaion\.m2\repository\io\netty\netty-transport-native-kqueue\4.1.115.Final\netty-transport-native-kqueue-4.1.115.Final-osx-x86_64.jar;C:\Users\Tonaion\.m2\repository\io\netty\netty-transport-classes-kqueue\4.1.115.Final\netty-transport-classes-kqueue-4.1.115.Final.jar;C:\Users\Tonaion\.m2\repository\io\netty\netty-tcnative-boringssl-static\2.0.69.Final\netty-tcnative-boringssl-static-2.0.69.Final.jar;C:\Users\Tonaion\.m2\repository\io\netty\netty-tcnative-classes\2.0.69.Final\netty-tcnative-classes-2.0.69.Final.jar;C:\Users\Tonaion\.m2\repository\io\netty\netty-tcnative-boringssl-static\2.0.69.Final\netty-tcnative-boringssl-static-2.0.69.Final-linux-x86_64.jar;C:\Users\Tonaion\.m2\repository\io\netty\netty-tcnative-boringssl-static\2.0.69.Final\netty-tcnative-boringssl-static-2.0.69.Final-linux-aarch_64.jar;C:\Users\Tonaion\.m2\repository\io\netty\netty-tcnative-boringssl-static\2.0.69.Final\netty-tcnative-boringssl-static-2.0.69.Final-osx-x86_64.jar;C:\Users\Tonaion\.m2\repository\io\netty\netty-tcnative-boringssl-static\2.0.69.Final\netty-tcnative-boringssl-static-2.0.69.Final-osx-aarch_64.jar;C:\Users\Tonaion\.m2\repository\io\netty\netty-tcnative-boringssl-static\2.0.69.Final\netty-tcnative-boringssl-static-2.0.69.Final-windows-x86_64.jar;C:\Users\Tonaion\.m2\repository\io\projectreactor\netty\reactor-netty-http\1.0.48\reactor-netty-http-1.0.48.jar;C:\Users\Tonaion\.m2\repository\io\netty\netty-resolver-dns\4.1.112.Final\netty-resolver-dns-4.1.112.Final.jar;C:\Users\Tonaion\.m2\repository\io\netty\netty-codec-dns\4.1.112.Final\netty-codec-dns-4.1.112.Final.jar;C:\Users\Tonaion\.m2\repository\io\netty\netty-resolver-dns-native-macos\4.1.112.Final\netty-resolver-dns-native-macos-4.1.112.Final-osx-x86_64.jar;C:\Users\Tonaion\.m2\repository\io\netty\netty-resolver-dns-classes-macos\4.1.112.Final\netty-resolver-dns-classes-macos-4.1.112.Final.jar;C:\Users\Tonaion\.m2\repository\io\projectreactor\netty\reactor-netty-core\1.0.48\reactor-netty-core-1.0.48.jar;C:\Users\Tonaion\.m2\repository\io\netty\netty-common\4.1.115.Final\netty-common-4.1.115.Final.jar;C:\Users\Tonaion\.m2\repository\com\azure\azure-identity\1.6.0\azure-identity-1.6.0.jar;C:\Users\Tonaion\.m2\repository\com\microsoft\azure\msal4j\1.13.1\msal4j-1.13.1.jar;C:\Users\Tonaion\.m2\repository\com\nimbusds\oauth2-oidc-sdk\9.35\oauth2-oidc-sdk-9.35.jar;C:\Users\Tonaion\.m2\repository\com\github\stephenc\jcip\jcip-annotations\1.0-1\jcip-annotations-1.0-1.jar;C:\Users\Tonaion\.m2\repository\com\nimbusds\content-type\2.2\content-type-2.2.jar;C:\Users\Tonaion\.m2\repository\com\nimbusds\lang-tag\1.6\lang-tag-1.6.jar;C:\Users\Tonaion\.m2\repository\com\nimbusds\nimbus-jose-jwt\9.22\nimbus-jose-jwt-9.22.jar;C:\Users\Tonaion\.m2\repository\net\minidev\json-smart\2.4.8\json-smart-2.4.8.jar;C:\Users\Tonaion\.m2\repository\net\minidev\accessors-smart\2.4.8\accessors-smart-2.4.8.jar;C:\Users\Tonaion\.m2\repository\org\ow2\asm\asm\9.1\asm-9.1.jar;C:\Users\Tonaion\.m2\repository\com\microsoft\azure\msal4j-persistence-extension\1.1.0\msal4j-persistence-extension-1.1.0.jar;C:\Users\Tonaion\.m2\repository\net\java\dev\jna\jna\5.5.0\jna-5.5.0.jar;C:\Users\Tonaion\.m2\repository\net\java\dev\jna\jna-platform\5.6.0\jna-platform-5.6.0.jar;C:\Users\Tonaion\.m2\repository\org\junit\jupiter\junit-jupiter\5.4.2\junit-jupiter-5.4.2.jar;C:\Users\Tonaion\.m2\repository\org\junit\jupiter\junit-jupiter-api\5.4.2\junit-jupiter-api-5.4.2.jar;C:\Users\Tonaion\.m2\repository\org\apiguardian\apiguardian-api\1.0.0\apiguardian-api-1.0.0.jar;C:\Users\Tonaion\.m2\repository\org\opentest4j\opentest4j\1.1.1\opentest4j-1.1.1.jar;C:\Users\Tonaion\.m2\repository\org\junit\platform\junit-platform-commons\1.4.2\junit-platform-commons-1.4.2.jar;C:\Users\Tonaion\.m2\repository\org\junit\jupiter\junit-jupiter-params\5.4.2\junit-jupiter-params-5.4.2.jar;C:\Users\Tonaion\.m2\repository\org\junit\jupiter\junit-jupiter-engine\5.4.2\junit-jupiter-engine-5.4.2.jar;C:\Users\Tonaion\.m2\repository\org\junit\platform\junit-platform-engine\1.4.2\junit-platform-engine-1.4.2.jar;C:\Users\Tonaion\.m2\repository\org\mockito\mockito-core\2.23.4\mockito-core-2.23.4.jar;C:\Users\Tonaion\.m2\repository\net\bytebuddy\byte-buddy\1.9.3\byte-buddy-1.9.3.jar;C:\Users\Tonaion\.m2\repository\net\bytebuddy\byte-buddy-agent\1.9.3\byte-buddy-agent-1.9.3.jar;C:\Users\Tonaion\.m2\repository\org\objenesis\objenesis\2.6\objenesis-2.6.jar;"/>
    <property name="java.vm.vendor" value="Oracle Corporation"/>
    <property name="sun.arch.data.model" value="64"/>
    <property name="user.variant" value=""/>
    <property name="java.vendor.url" value="http://java.oracle.com/"/>
    <property name="user.timezone" value="Europe/Berlin"/>
    <property name="user.country.format" value="IT"/>
    <property name="java.vm.specification.version" value="1.8"/>
    <property name="os.name" value="Windows 10"/>
    <property name="user.country" value="US"/>
    <property name="sun.java.launcher" value="SUN_STANDARD"/>
    <property name="sun.boot.library.path" value="C:\Languages\Java8.211\jre\bin"/>
    <property name="sun.java.command" value="C:\Users\Tonaion\AppData\Local\Temp\surefire2909314646912087319\surefirebooter-20250304134030516_3.jar C:\Users\Tonaion\AppData\Local\Temp\surefire2909314646912087319 2025-03-04T13-40-30_284-jvmRun1 surefire-20250304134030516_1tmp surefire_0-20250304134030516_2tmp"/>
    <property name="surefire.test.class.path" value="C:\source\excalifanDev\functions\target\test-classes;C:\source\excalifanDev\functions\target\classes;C:\Users\Tonaion\.m2\repository\com\microsoft\azure\functions\azure-functions-java-library\2.2.0\azure-functions-java-library-2.2.0.jar;C:\Users\Tonaion\.m2\repository\com\microsoft\azure\functions\azure-functions-java-core-library\1.2.0\azure-functions-java-core-library-1.2.0.jar;C:\Users\Tonaion\.m2\repository\com\azure\azure-security-keyvault-secrets\4.9.1\azure-security-keyvault-secrets-4.9.1.jar;C:\Users\Tonaion\.m2\repository\com\azure\azure-core\1.54.1\azure-core-1.54.1.jar;C:\Users\Tonaion\.m2\repository\com\azure\azure-xml\1.1.0\azure-xml-1.1.0.jar;C:\Users\Tonaion\.m2\repository\com\fasterxml\jackson\core\jackson-annotations\2.17.2\jackson-annotations-2.17.2.jar;C:\Users\Tonaion\.m2\repository\com\fasterxml\jackson\core\jackson-core\2.17.2\jackson-core-2.17.2.jar;C:\Users\Tonaion\.m2\repository\com\fasterxml\jackson\core\jackson-databind\2.17.2\jackson-databind-2.17.2.jar;C:\Users\Tonaion\.m2\repository\com\fasterxml\jackson\datatype\jackson-datatype-jsr310\2.17.2\jackson-datatype-jsr310-2.17.2.jar;C:\Users\Tonaion\.m2\repository\org\slf4j\slf4j-api\1.7.36\slf4j-api-1.7.36.jar;C:\Users\Tonaion\.m2\repository\io\projectreactor\reactor-core\3.4.41\reactor-core-3.4.41.jar;C:\Users\Tonaion\.m2\repository\org\reactivestreams\reactive-streams\1.0.4\reactive-streams-1.0.4.jar;C:\Users\Tonaion\.m2\repository\com\azure\azure-json\1.3.0\azure-json-1.3.0.jar;C:\Users\Tonaion\.m2\repository\com\azure\azure-core-http-netty\1.15.7\azure-core-http-netty-1.15.7.jar;C:\Users\Tonaion\.m2\repository\io\netty\netty-handler\4.1.115.Final\netty-handler-4.1.115.Final.jar;C:\Users\Tonaion\.m2\repository\io\netty\netty-resolver\4.1.115.Final\netty-resolver-4.1.115.Final.jar;C:\Users\Tonaion\.m2\repository\io\netty\netty-transport\4.1.115.Final\netty-transport-4.1.115.Final.jar;C:\Users\Tonaion\.m2\repository\io\netty\netty-handler-proxy\4.1.115.Final\netty-handler-proxy-4.1.115.Final.jar;C:\Users\Tonaion\.m2\repository\io\netty\netty-codec-socks\4.1.115.Final\netty-codec-socks-4.1.115.Final.jar;C:\Users\Tonaion\.m2\repository\io\netty\netty-buffer\4.1.115.Final\netty-buffer-4.1.115.Final.jar;C:\Users\Tonaion\.m2\repository\io\netty\netty-codec\4.1.115.Final\netty-codec-4.1.115.Final.jar;C:\Users\Tonaion\.m2\repository\io\netty\netty-codec-http\4.1.115.Final\netty-codec-http-4.1.115.Final.jar;C:\Users\Tonaion\.m2\repository\io\netty\netty-codec-http2\4.1.115.Final\netty-codec-http2-4.1.115.Final.jar;C:\Users\Tonaion\.m2\repository\io\netty\netty-transport-native-unix-common\4.1.115.Final\netty-transport-native-unix-common-4.1.115.Final.jar;C:\Users\Tonaion\.m2\repository\io\netty\netty-transport-native-epoll\4.1.115.Final\netty-transport-native-epoll-4.1.115.Final-linux-x86_64.jar;C:\Users\Tonaion\.m2\repository\io\netty\netty-transport-classes-epoll\4.1.115.Final\netty-transport-classes-epoll-4.1.115.Final.jar;C:\Users\Tonaion\.m2\repository\io\netty\netty-transport-native-kqueue\4.1.115.Final\netty-transport-native-kqueue-4.1.115.Final-osx-x86_64.jar;C:\Users\Tonaion\.m2\repository\io\netty\netty-transport-classes-kqueue\4.1.115.Final\netty-transport-classes-kqueue-4.1.115.Final.jar;C:\Users\Tonaion\.m2\repository\io\netty\netty-tcnative-boringssl-static\2.0.69.Final\netty-tcnative-boringssl-static-2.0.69.Final.jar;C:\Users\Tonaion\.m2\repository\io\netty\netty-tcnative-classes\2.0.69.Final\netty-tcnative-classes-2.0.69.Final.jar;C:\Users\Tonaion\.m2\repository\io\netty\netty-tcnative-boringssl-static\2.0.69.Final\netty-tcnative-boringssl-static-2.0.69.Final-linux-x86_64.jar;C:\Users\Tonaion\.m2\repository\io\netty\netty-tcnative-boringssl-static\2.0.69.Final\netty-tcnative-boringssl-static-2.0.69.Final-linux-aarch_64.jar;C:\Users\Tonaion\.m2\repository\io\netty\netty-tcnative-boringssl-static\2.0.69.Final\netty-tcnative-boringssl-static-2.0.69.Final-osx-x86_64.jar;C:\Users\Tonaion\.m2\repository\io\netty\netty-tcnative-boringssl-static\2.0.69.Final\netty-tcnative-boringssl-static-2.0.69.Final-osx-aarch_64.jar;C:\Users\Tonaion\.m2\repository\io\netty\netty-tcnative-boringssl-static\2.0.69.Final\netty-tcnative-boringssl-static-2.0.69.Final-windows-x86_64.jar;C:\Users\Tonaion\.m2\repository\io\projectreactor\netty\reactor-netty-http\1.0.48\reactor-netty-http-1.0.48.jar;C:\Users\Tonaion\.m2\repository\io\netty\netty-resolver-dns\4.1.112.Final\netty-resolver-dns-4.1.112.Final.jar;C:\Users\Tonaion\.m2\repository\io\netty\netty-codec-dns\4.1.112.Final\netty-codec-dns-4.1.112.Final.jar;C:\Users\Tonaion\.m2\repository\io\netty\netty-resolver-dns-native-macos\4.1.112.Final\netty-resolver-dns-native-macos-4.1.112.Final-osx-x86_64.jar;C:\Users\Tonaion\.m2\repository\io\netty\netty-resolver-dns-classes-macos\4.1.112.Final\netty-resolver-dns-classes-macos-4.1.112.Final.jar;C:\Users\Tonaion\.m2\repository\io\projectreactor\netty\reactor-netty-core\1.0.48\reactor-netty-core-1.0.48.jar;C:\Users\Tonaion\.m2\repository\io\netty\netty-common\4.1.115.Final\netty-common-4.1.115.Final.jar;C:\Users\Tonaion\.m2\repository\com\azure\azure-identity\1.6.0\azure-identity-1.6.0.jar;C:\Users\Tonaion\.m2\repository\com\microsoft\azure\msal4j\1.13.1\msal4j-1.13.1.jar;C:\Users\Tonaion\.m2\repository\com\nimbusds\oauth2-oidc-sdk\9.35\oauth2-oidc-sdk-9.35.jar;C:\Users\Tonaion\.m2\repository\com\github\stephenc\jcip\jcip-annotations\1.0-1\jcip-annotations-1.0-1.jar;C:\Users\Tonaion\.m2\repository\com\nimbusds\content-type\2.2\content-type-2.2.jar;C:\Users\Tonaion\.m2\repository\com\nimbusds\lang-tag\1.6\lang-tag-1.6.jar;C:\Users\Tonaion\.m2\repository\com\nimbusds\nimbus-jose-jwt\9.22\nimbus-jose-jwt-9.22.jar;C:\Users\Tonaion\.m2\repository\net\minidev\json-smart\2.4.8\json-smart-2.4.8.jar;C:\Users\Tonaion\.m2\repository\net\minidev\accessors-smart\2.4.8\accessors-smart-2.4.8.jar;C:\Users\Tonaion\.m2\repository\org\ow2\asm\asm\9.1\asm-9.1.jar;C:\Users\Tonaion\.m2\repository\com\microsoft\azure\msal4j-persistence-extension\1.1.0\msal4j-persistence-extension-1.1.0.jar;C:\Users\Tonaion\.m2\repository\net\java\dev\jna\jna\5.5.0\jna-5.5.0.jar;C:\Users\Tonaion\.m2\repository\net\java\dev\jna\jna-platform\5.6.0\jna-platform-5.6.0.jar;C:\Users\Tonaion\.m2\repository\org\junit\jupiter\junit-jupiter\5.4.2\junit-jupiter-5.4.2.jar;C:\Users\Tonaion\.m2\repository\org\junit\jupiter\junit-jupiter-api\5.4.2\junit-jupiter-api-5.4.2.jar;C:\Users\Tonaion\.m2\repository\org\apiguardian\apiguardian-api\1.0.0\apiguardian-api-1.0.0.jar;C:\Users\Tonaion\.m2\repository\org\opentest4j\opentest4j\1.1.1\opentest4j-1.1.1.jar;C:\Users\Tonaion\.m2\repository\org\junit\platform\junit-platform-commons\1.4.2\junit-platform-commons-1.4.2.jar;C:\Users\Tonaion\.m2\repository\org\junit\jupiter\junit-jupiter-params\5.4.2\junit-jupiter-params-5.4.2.jar;C:\Users\Tonaion\.m2\repository\org\junit\jupiter\junit-jupiter-engine\5.4.2\junit-jupiter-engine-5.4.2.jar;C:\Users\Tonaion\.m2\repository\org\junit\platform\junit-platform-engine\1.4.2\junit-platform-engine-1.4.2.jar;C:\Users\Tonaion\.m2\repository\org\mockito\mockito-core\2.23.4\mockito-core-2.23.4.jar;C:\Users\Tonaion\.m2\repository\net\bytebuddy\byte-buddy\1.9.3\byte-buddy-1.9.3.jar;C:\Users\Tonaion\.m2\repository\net\bytebuddy\byte-buddy-agent\1.9.3\byte-buddy-agent-1.9.3.jar;C:\Users\Tonaion\.m2\repository\org\objenesis\objenesis\2.6\objenesis-2.6.jar;"/>
    <property name="sun.cpu.endian" value="little"/>
    <property name="user.home" value="C:\Users\Tonaion"/>
    <property name="user.language" value="en"/>
    <property name="java.specification.vendor" value="Oracle Corporation"/>
    <property name="java.home" value="C:\Languages\Java8.211\jre"/>
    <property name="basedir" value="C:\source\excalifanDev\functions"/>
    <property name="file.separator" value="\"/>
    <property name="line.separator" value="&#10;"/>
    <property name="java.vm.specification.vendor" value="Oracle Corporation"/>
    <property name="java.specification.name" value="Java Platform API Specification"/>
    <property name="java.awt.graphicsenv" value="sun.awt.Win32GraphicsEnvironment"/>
    <property name="surefire.real.class.path" value="C:\Users\Tonaion\AppData\Local\Temp\surefire2909314646912087319\surefirebooter-20250304134030516_3.jar"/>
    <property name="sun.boot.class.path" value="C:\Languages\Java8.211\jre\lib\resources.jar;C:\Languages\Java8.211\jre\lib\rt.jar;C:\Languages\Java8.211\jre\lib\jsse.jar;C:\Languages\Java8.211\jre\lib\jce.jar;C:\Languages\Java8.211\jre\lib\charsets.jar;C:\Languages\Java8.211\jre\lib\jfr.jar;C:\Languages\Java8.211\jre\classes"/>
    <property name="user.script" value=""/>
    <property name="sun.management.compiler" value="HotSpot 64-Bit Tiered Compilers"/>
    <property name="java.runtime.version" value="1.8.0_371-b11"/>
    <property name="user.name" value="Tonaion"/>
    <property name="path.separator" value=";"/>
    <property name="os.version" value="10.0"/>
    <property name="java.endorsed.dirs" value="C:\Languages\Java8.211\jre\lib\endorsed"/>
    <property name="java.runtime.name" value="Java(TM) SE Runtime Environment"/>
    <property name="file.encoding" value="Cp1252"/>
    <property name="jnidispatch.path" value="C:\Users\Tonaion\AppData\Local\Temp\jna-523315130\jna3240757066686217979.dll"/>
    <property name="java.vm.name" value="Java HotSpot(TM) 64-Bit Server VM"/>
    <property name="localRepository" value="C:\Users\Tonaion\.m2\repository"/>
    <property name="jna.loaded" value="true"/>
    <property name="java.vendor.url.bug" value="http://bugreport.sun.com/bugreport/"/>
    <property name="java.io.tmpdir" value="C:\Users\Tonaion\AppData\Local\Temp\"/>
    <property name="java.version" value="1.8.0_371"/>
    <property name="user.dir" value="C:\source\excalifanDev\functions"/>
    <property name="os.arch" value="amd64"/>
    <property name="java.vm.specification.name" value="Java Virtual Machine Specification"/>
    <property name="java.awt.printerjob" value="sun.awt.windows.WPrinterJob"/>
    <property name="user.language.format" value="it"/>
    <property name="sun.os.patch.level" value=""/>
    <property name="java.library.path" value="C:\Languages\Java8.211\jre\bin;C:\Windows\Sun\Java\bin;C:\Windows\system32;C:\Windows;C:\utils\cmder\vendor\git-for-windows\cmd;C:\utils\cmder\vendor\conemu-maximus5\ConEmu\Scripts;C:\utils\cmder\vendor\conemu-maximus5;C:\utils\cmder\vendor\conemu-maximus5\ConEmu;C:\Python313\Scripts\;C:\Python313\;C:\Program Files\Common Files\Oracle\Java\javapath;C:\Program Files (x86)\Common Files\Oracle\Java\javapath;C:\Windows\system32;C:\Windows;C:\Windows\System32\Wbem;C:\Windows\System32\WindowsPowerShell\v1.0\;C:\Windows\System32\OpenSSH\;C:\Program Files (x86)\dotnet\;C:\Program Files\NVIDIA Corporation\NVIDIA NvDLISR;C:\Program Files (x86)\NVIDIA Corporation\PhysX\Common;C:\Program Files\dotnet\;C:\Program Files\Git\cmd;C:\Program Files (x86)\Windows Kits\10\Windows Performance Toolkit\;C:\ProgramData\chocolatey\bin;C:\App\Neovim\bin;C:\Program Files\Docker\Docker\resources\bin;C:\Program Files\Microsoft\Azure Functions Core Tools\;C:\Languages\npm\;C:\utils\miktex\miktex\bin\x64\;C:\utils\Wireshark;C:\Users\Tonaion\AppData\vscode;C:\Users\Tonaion\.cargo\bin;C:\Program Files\MySQL\MySQL Shell 8.0\bin\;C:\Languages\Python;C:\Languages\Python\Scripts;C:\Languages\flutter\bin;C:\App\Neovim\bin;C:\Users\Tonaion\AppData\vscode\bin;C:\Languages\MinGW\bin;C:\Languages\Java\bin;C:\Program Files\Git;C:\utils\fossil;C:\bin;C:\utils\premake;C:\utils\cmake-3.31.0\bin;C:\Program Files\WinRAR;C:\Users\Tonaion\AppData\Local\Microsoft\WindowsAp;C:\IDE\NVIM\bin;C:\Users\Tonaion\.dotnet\tools;C:\Users\Tonaion\AppData\Roaming\npm;C:\utils\inkscape\bin;C:\utils\azure-cli-2.69.0-x64\bin;C:\utils\cmder\vendor\git-for-windows\mingw64\bin;C:\utils\cmder\vendor\git-for-windows\usr\bin;C:\utils\cmder\vendor\bin;C:\utils\cmder;C:\Users\Tonaion\Downloads\apache-maven-3.9.9-bin\apache-maven-3.9.9\bin\;C:\utils\functionscoretools;."/>
    <property name="java.vm.info" value="mixed mode"/>
    <property name="java.vendor" value="Oracle Corporation"/>
    <property name="java.vm.version" value="25.371-b11"/>
    <property name="java.specification.maintenance.version" value="4"/>
    <property name="java.ext.dirs" value="C:\Languages\Java8.211\jre\lib\ext;C:\Windows\Sun\Java\lib\ext"/>
    <property name="sun.io.unicode.encoding" value="UnicodeLittle"/>
    <property name="java.class.version" value="52.0"/>
  </properties>
  <testcase name="testHttpTriggerJava" classname="com.fabrikam.FunctionTest" time="40.869">
    <error message="EnvironmentCredential authentication unavailable. Environment variables are not fully configured.To mitigate this issue, please refer to the troubleshooting guidelines here at https://aka.ms/azsdk/java/identity/environmentcredential/troubleshoot&#10;ManagedIdentityCredential authentication unavailable. Connection to IMDS endpoint cannot be established, connect timed out.&#10;SharedTokenCacheCredential authentication unavailable. No accounts were found in the cache.&#10;IntelliJ Authentication not available. Please log in with Azure Tools for IntelliJ plugin in the IDE.&#10;Failed to read Vs Code credentials from Windows Credential API.&#10;AzureCliCredential authentication unavailable. Please run &apos;az login&apos; to set up account. To further mitigate this issue, please refer to the troubleshooting guidelines here at https://aka.ms/azsdk/java/identity/azclicredential/troubleshoot&#10;Azure PowerShell authentication failed using defaultpowershell(pwsh) with following error: Unable to execute PowerShell. Please make sure that it is installed in your system.&#10;Azure PowerShell authentication failed using powershell-core(powershell) with following error: Az.Account module with version &gt;= 2.2.0 is not installed. It needs to be installed to use Azure PowerShell Credential.To mitigate this issue, please refer to the troubleshooting guidelines here at https://aka.ms/azure-identity-java-default-azure-credential-troubleshoot" type="com.azure.identity.CredentialUnavailableException"><![CDATA[com.azure.identity.CredentialUnavailableException: 
EnvironmentCredential authentication unavailable. Environment variables are not fully configured.To mitigate this issue, please refer to the troubleshooting guidelines here at https://aka.ms/azsdk/java/identity/environmentcredential/troubleshoot
ManagedIdentityCredential authentication unavailable. Connection to IMDS endpoint cannot be established, connect timed out.
SharedTokenCacheCredential authentication unavailable. No accounts were found in the cache.
IntelliJ Authentication not available. Please log in with Azure Tools for IntelliJ plugin in the IDE.
Failed to read Vs Code credentials from Windows Credential API.
AzureCliCredential authentication unavailable. Please run 'az login' to set up account. To further mitigate this issue, please refer to the troubleshooting guidelines here at https://aka.ms/azsdk/java/identity/azclicredential/troubleshoot
Azure PowerShell authentication failed using defaultpowershell(pwsh) with following error: Unable to execute PowerShell. Please make sure that it is installed in your system.
Azure PowerShell authentication failed using powershell-core(powershell) with following error: Az.Account module with version >= 2.2.0 is not installed. It needs to be installed to use Azure PowerShell Credential.To mitigate this issue, please refer to the troubleshooting guidelines here at https://aka.ms/azure-identity-java-default-azure-credential-troubleshoot
	at com.azure.identity.ChainedTokenCredential.lambda$getToken$3(ChainedTokenCredential.java:95)
	at reactor.core.publisher.MonoDefer.subscribe(MonoDefer.java:45)
	at reactor.core.publisher.Mono.subscribe(Mono.java:4491)
	at reactor.core.publisher.FluxSwitchIfEmpty$SwitchIfEmptySubscriber.onComplete(FluxSwitchIfEmpty.java:82)
	at reactor.core.publisher.MonoNext$NextSubscriber.onComplete(MonoNext.java:102)
	at reactor.core.publisher.FluxFlatMap$FlatMapMain.checkTerminated(FluxFlatMap.java:847)
	at reactor.core.publisher.FluxFlatMap$FlatMapMain.drainLoop(FluxFlatMap.java:609)
	at reactor.core.publisher.FluxFlatMap$FlatMapMain.innerComplete(FluxFlatMap.java:895)
	at reactor.core.publisher.FluxFlatMap$FlatMapInner.onComplete(FluxFlatMap.java:998)
	at reactor.core.publisher.Operators$MultiSubscriptionSubscriber.onComplete(Operators.java:2060)
	at reactor.core.publisher.Operators.complete(Operators.java:137)
	at reactor.core.publisher.MonoEmpty.subscribe(MonoEmpty.java:46)
	at reactor.core.publisher.Mono.subscribe(Mono.java:4491)
	at reactor.core.publisher.FluxOnErrorResume$ResumeSubscriber.onError(FluxOnErrorResume.java:103)
	at reactor.core.publisher.FluxPeekFuseable$PeekFuseableSubscriber.onError(FluxPeekFuseable.java:234)
	at reactor.core.publisher.MonoPeekTerminal$MonoTerminalPeekSubscriber.onError(MonoPeekTerminal.java:258)
	at reactor.core.publisher.FluxPeekFuseable$PeekConditionalSubscriber.onError(FluxPeekFuseable.java:903)
	at reactor.core.publisher.Operators$MultiSubscriptionSubscriber.onError(Operators.java:2065)
	at reactor.core.publisher.Operators.error(Operators.java:198)
	at reactor.core.publisher.MonoError.subscribe(MonoError.java:53)
	at reactor.core.publisher.MonoDefer.subscribe(MonoDefer.java:53)
	at reactor.core.publisher.Mono.subscribe(Mono.java:4491)
	at reactor.core.publisher.FluxSwitchIfEmpty$SwitchIfEmptySubscriber.onComplete(FluxSwitchIfEmpty.java:82)
	at reactor.core.publisher.MonoNext$NextSubscriber.onComplete(MonoNext.java:102)
	at reactor.core.publisher.FluxFlatMap$FlatMapMain.checkTerminated(FluxFlatMap.java:847)
	at reactor.core.publisher.FluxFlatMap$FlatMapMain.drainLoop(FluxFlatMap.java:609)
	at reactor.core.publisher.FluxFlatMap$FlatMapMain.innerComplete(FluxFlatMap.java:895)
	at reactor.core.publisher.FluxFlatMap$FlatMapInner.onComplete(FluxFlatMap.java:998)
	at reactor.core.publisher.Operators$MultiSubscriptionSubscriber.onComplete(Operators.java:2060)
	at reactor.core.publisher.Operators.complete(Operators.java:137)
	at reactor.core.publisher.MonoEmpty.subscribe(MonoEmpty.java:46)
	at reactor.core.publisher.Mono.subscribe(Mono.java:4491)
	at reactor.core.publisher.FluxOnErrorResume$ResumeSubscriber.onError(FluxOnErrorResume.java:103)
	at reactor.core.publisher.FluxDoFinally$DoFinallySubscriber.onError(FluxDoFinally.java:119)
	at reactor.core.publisher.MonoFlatMap$FlatMapMain.secondError(MonoFlatMap.java:192)
	at reactor.core.publisher.MonoFlatMap$FlatMapInner.onError(MonoFlatMap.java:259)
	at reactor.core.publisher.MonoFlatMap$FlatMapMain.onNext(MonoFlatMap.java:142)
	at reactor.core.publisher.Operators$MonoSubscriber.complete(Operators.java:1839)
	at reactor.core.publisher.MonoFlatMap$FlatMapInner.onNext(MonoFlatMap.java:249)
	at reactor.core.publisher.Operators$MonoSubscriber.complete(Operators.java:1839)
	at reactor.core.publisher.MonoFlatMap$FlatMapMain.onNext(MonoFlatMap.java:151)
	at reactor.core.publisher.MonoNext$NextSubscriber.onNext(MonoNext.java:82)
	at reactor.core.publisher.SerializedSubscriber.onNext(SerializedSubscriber.java:99)
	at reactor.core.publisher.FluxRepeatWhen$RepeatWhenMainSubscriber.onNext(FluxRepeatWhen.java:142)
	at reactor.core.publisher.Operators$MonoSubscriber.complete(Operators.java:1839)
	at reactor.core.publisher.MonoFlatMap$FlatMapMain.onNext(MonoFlatMap.java:151)
	at reactor.core.publisher.Operators$MonoSubscriber.complete(Operators.java:1839)
	at reactor.core.publisher.MonoCompletionStage.lambda$subscribe$0(MonoCompletionStage.java:100)
	at java.util.concurrent.CompletableFuture.uniHandle(CompletableFuture.java:836)
	at java.util.concurrent.CompletableFuture$UniHandle.tryFire(CompletableFuture.java:811)
	at java.util.concurrent.CompletableFuture.postComplete(CompletableFuture.java:488)
	at java.util.concurrent.CompletableFuture$AsyncSupply.run(CompletableFuture.java:1609)
	at java.util.concurrent.CompletableFuture$AsyncSupply.exec(CompletableFuture.java:1596)
	at java.util.concurrent.ForkJoinTask.doExec(ForkJoinTask.java:289)
	at java.util.concurrent.ForkJoinPool$WorkQueue.runTask(ForkJoinPool.java:1067)
	at java.util.concurrent.ForkJoinPool.runWorker(ForkJoinPool.java:1703)
	at java.util.concurrent.ForkJoinWorkerThread.run(ForkJoinWorkerThread.java:172)
	Suppressed: java.lang.Exception: #block terminated with an error
		at reactor.core.publisher.BlockingSingleSubscriber.blockingGet(BlockingSingleSubscriber.java:100)
		at reactor.core.publisher.Mono.block(Mono.java:1742)
		at com.azure.core.credential.TokenCredential.getTokenSync(TokenCredential.java:110)
		at com.azure.core.implementation.AccessTokenCache.lambda$new$2(AccessTokenCache.java:65)
		at com.azure.core.implementation.AccessTokenCache.lambda$retrieveTokenSync$11(AccessTokenCache.java:230)
		at com.azure.core.implementation.AccessTokenCache.getTokenSync(AccessTokenCache.java:93)
		at com.azure.core.http.policy.BearerTokenAuthenticationPolicy.setAuthorizationHeaderHelperSync(BearerTokenAuthenticationPolicy.java:220)
		at com.azure.core.http.policy.BearerTokenAuthenticationPolicy.setAuthorizationHeaderSync(BearerTokenAuthenticationPolicy.java:207)
		at com.azure.security.keyvault.secrets.implementation.KeyVaultCredentialPolicy.authorizeRequestSync(KeyVaultCredentialPolicy.java:241)
		at com.azure.security.keyvault.secrets.implementation.KeyVaultCredentialPolicy.processSync(KeyVaultCredentialPolicy.java:373)
		at com.azure.core.http.HttpPipelineNextSyncPolicy.processSync(HttpPipelineNextSyncPolicy.java:53)
		at com.azure.core.http.policy.RetryPolicy.attemptSync(RetryPolicy.java:217)
		at com.azure.core.http.policy.RetryPolicy.attemptSync(RetryPolicy.java:233)
		at com.azure.core.http.policy.RetryPolicy.attemptSync(RetryPolicy.java:233)
		at com.azure.core.http.policy.RetryPolicy.attemptSync(RetryPolicy.java:233)
		at com.azure.core.http.policy.RetryPolicy.processSync(RetryPolicy.java:161)
		at com.azure.core.http.HttpPipelineNextSyncPolicy.processSync(HttpPipelineNextSyncPolicy.java:53)
		at com.azure.core.http.policy.AddHeadersPolicy.processSync(AddHeadersPolicy.java:66)
		at com.azure.core.http.HttpPipelineNextSyncPolicy.processSync(HttpPipelineNextSyncPolicy.java:53)
		at com.azure.core.http.policy.HttpPipelineSyncPolicy.processSync(HttpPipelineSyncPolicy.java:51)
		at com.azure.core.http.policy.UserAgentPolicy.processSync(UserAgentPolicy.java:174)
		at com.azure.core.http.HttpPipelineNextSyncPolicy.processSync(HttpPipelineNextSyncPolicy.java:53)
		at com.azure.core.http.HttpPipeline.sendSync(HttpPipeline.java:138)
		at com.azure.core.implementation.http.rest.SyncRestProxy.send(SyncRestProxy.java:62)
		at com.azure.core.implementation.http.rest.SyncRestProxy.invoke(SyncRestProxy.java:83)
		at com.azure.core.implementation.http.rest.RestProxyBase.invoke(RestProxyBase.java:124)
		at com.azure.core.http.rest.RestProxy.invoke(RestProxy.java:95)
		at com.sun.proxy.$Proxy19.getSecretSync(Unknown Source)
		at com.azure.security.keyvault.secrets.implementation.SecretClientImpl.getSecretWithResponse(SecretClientImpl.java:936)
		at com.azure.security.keyvault.secrets.SecretClient.lambda$getSecretWithResponse$1(SecretClient.java:360)
		at com.azure.security.keyvault.secrets.SecretClient.callWithMappedException(SecretClient.java:1027)
		at com.azure.security.keyvault.secrets.SecretClient.getSecretWithResponse(SecretClient.java:359)
		at com.azure.security.keyvault.secrets.SecretClient.getSecret(SecretClient.java:296)
		at com.fabrikam.Function.<init>(Function.java:36)
		at com.fabrikam.FunctionTest.testHttpTriggerJava(FunctionTest.java:48)
		at sun.reflect.NativeMethodAccessorImpl.invoke0(Native Method)
		at sun.reflect.NativeMethodAccessorImpl.invoke(NativeMethodAccessorImpl.java:62)
		at sun.reflect.DelegatingMethodAccessorImpl.invoke(DelegatingMethodAccessorImpl.java:43)
		at java.lang.reflect.Method.invoke(Method.java:498)
		at org.junit.platform.commons.util.ReflectionUtils.invokeMethod(ReflectionUtils.java:628)
		at org.junit.jupiter.engine.execution.ExecutableInvoker.invoke(ExecutableInvoker.java:117)
		at org.junit.jupiter.engine.descriptor.TestMethodTestDescriptor.lambda$invokeTestMethod$7(TestMethodTestDescriptor.java:184)
		at org.junit.platform.engine.support.hierarchical.ThrowableCollector.execute(ThrowableCollector.java:73)
		at org.junit.jupiter.engine.descriptor.TestMethodTestDescriptor.invokeTestMethod(TestMethodTestDescriptor.java:180)
		at org.junit.jupiter.engine.descriptor.TestMethodTestDescriptor.execute(TestMethodTestDescriptor.java:127)
		at org.junit.jupiter.engine.descriptor.TestMethodTestDescriptor.execute(TestMethodTestDescriptor.java:68)
		at org.junit.platform.engine.support.hierarchical.NodeTestTask.lambda$executeRecursively$5(NodeTestTask.java:135)
		at org.junit.platform.engine.support.hierarchical.ThrowableCollector.execute(ThrowableCollector.java:73)
		at org.junit.platform.engine.support.hierarchical.NodeTestTask.lambda$executeRecursively$7(NodeTestTask.java:125)
		at org.junit.platform.engine.support.hierarchical.Node.around(Node.java:135)
		at org.junit.platform.engine.support.hierarchical.NodeTestTask.lambda$executeRecursively$8(NodeTestTask.java:123)
		at org.junit.platform.engine.support.hierarchical.ThrowableCollector.execute(ThrowableCollector.java:73)
		at org.junit.platform.engine.support.hierarchical.NodeTestTask.executeRecursively(NodeTestTask.java:122)
		at org.junit.platform.engine.support.hierarchical.NodeTestTask.execute(NodeTestTask.java:80)
		at java.util.ArrayList.forEach(ArrayList.java:1259)
		at org.junit.platform.engine.support.hierarchical.SameThreadHierarchicalTestExecutorService.invokeAll(SameThreadHierarchicalTestExecutorService.java:38)
		at org.junit.platform.engine.support.hierarchical.NodeTestTask.lambda$executeRecursively$5(NodeTestTask.java:139)
		at org.junit.platform.engine.support.hierarchical.ThrowableCollector.execute(ThrowableCollector.java:73)
		at org.junit.platform.engine.support.hierarchical.NodeTestTask.lambda$executeRecursively$7(NodeTestTask.java:125)
		at org.junit.platform.engine.support.hierarchical.Node.around(Node.java:135)
		at org.junit.platform.engine.support.hierarchical.NodeTestTask.lambda$executeRecursively$8(NodeTestTask.java:123)
		at org.junit.platform.engine.support.hierarchical.ThrowableCollector.execute(ThrowableCollector.java:73)
		at org.junit.platform.engine.support.hierarchical.NodeTestTask.executeRecursively(NodeTestTask.java:122)
		at org.junit.platform.engine.support.hierarchical.NodeTestTask.execute(NodeTestTask.java:80)
		at java.util.ArrayList.forEach(ArrayList.java:1259)
		at org.junit.platform.engine.support.hierarchical.SameThreadHierarchicalTestExecutorService.invokeAll(SameThreadHierarchicalTestExecutorService.java:38)
		at org.junit.platform.engine.support.hierarchical.NodeTestTask.lambda$executeRecursively$5(NodeTestTask.java:139)
		at org.junit.platform.engine.support.hierarchical.ThrowableCollector.execute(ThrowableCollector.java:73)
		at org.junit.platform.engine.support.hierarchical.NodeTestTask.lambda$executeRecursively$7(NodeTestTask.java:125)
		at org.junit.platform.engine.support.hierarchical.Node.around(Node.java:135)
		at org.junit.platform.engine.support.hierarchical.NodeTestTask.lambda$executeRecursively$8(NodeTestTask.java:123)
		at org.junit.platform.engine.support.hierarchical.ThrowableCollector.execute(ThrowableCollector.java:73)
		at org.junit.platform.engine.support.hierarchical.NodeTestTask.executeRecursively(NodeTestTask.java:122)
		at org.junit.platform.engine.support.hierarchical.NodeTestTask.execute(NodeTestTask.java:80)
		at org.junit.platform.engine.support.hierarchical.SameThreadHierarchicalTestExecutorService.submit(SameThreadHierarchicalTestExecutorService.java:32)
		at org.junit.platform.engine.support.hierarchical.HierarchicalTestExecutor.execute(HierarchicalTestExecutor.java:57)
		at org.junit.platform.engine.support.hierarchical.HierarchicalTestEngine.execute(HierarchicalTestEngine.java:51)
		at org.junit.platform.launcher.core.DefaultLauncher.execute(DefaultLauncher.java:229)
		at org.junit.platform.launcher.core.DefaultLauncher.lambda$execute$6(DefaultLauncher.java:197)
		at org.junit.platform.launcher.core.DefaultLauncher.withInterceptedStreams(DefaultLauncher.java:211)
		at org.junit.platform.launcher.core.DefaultLauncher.execute(DefaultLauncher.java:191)
		at org.junit.platform.launcher.core.DefaultLauncher.execute(DefaultLauncher.java:128)
		at org.apache.maven.surefire.junitplatform.LazyLauncher.execute(LazyLauncher.java:56)
		at org.apache.maven.surefire.junitplatform.JUnitPlatformProvider.execute(JUnitPlatformProvider.java:184)
		at org.apache.maven.surefire.junitplatform.JUnitPlatformProvider.invokeAllTests(JUnitPlatformProvider.java:148)
		at org.apache.maven.surefire.junitplatform.JUnitPlatformProvider.invoke(JUnitPlatformProvider.java:122)
		at org.apache.maven.surefire.booter.ForkedBooter.runSuitesInProcess(ForkedBooter.java:385)
		at org.apache.maven.surefire.booter.ForkedBooter.execute(ForkedBooter.java:162)
		at org.apache.maven.surefire.booter.ForkedBooter.run(ForkedBooter.java:507)
		at org.apache.maven.surefire.booter.ForkedBooter.main(ForkedBooter.java:495)
	Suppressed: com.azure.identity.CredentialUnavailableException: EnvironmentCredential authentication unavailable. Environment variables are not fully configured.To mitigate this issue, please refer to the troubleshooting guidelines here at https://aka.ms/azsdk/java/identity/environmentcredential/troubleshoot
ManagedIdentityCredential authentication unavailable. Connection to IMDS endpoint cannot be established, connect timed out.
SharedTokenCacheCredential authentication unavailable. No accounts were found in the cache.
IntelliJ Authentication not available. Please log in with Azure Tools for IntelliJ plugin in the IDE.
Failed to read Vs Code credentials from Windows Credential API.
AzureCliCredential authentication unavailable. Please run 'az login' to set up account. To further mitigate this issue, please refer to the troubleshooting guidelines here at https://aka.ms/azsdk/java/identity/azclicredential/troubleshoot
Azure PowerShell authentication failed using defaultpowershell(pwsh) with following error: Unable to execute PowerShell. Please make sure that it is installed in your system.
Azure PowerShell authentication failed using powershell-core(powershell) with following error: Az.Account module with version >= 2.2.0 is not installed. It needs to be installed to use Azure PowerShell Credential.To mitigate this issue, please refer to the troubleshooting guidelines here at https://aka.ms/azure-identity-java-default-azure-credential-troubleshoot
		... 57 more
		Suppressed: java.lang.Exception: #block terminated with an error
			at reactor.core.publisher.BlockingSingleSubscriber.blockingGet(BlockingSingleSubscriber.java:100)
			at reactor.core.publisher.Mono.block(Mono.java:1742)
			at com.azure.core.credential.TokenCredential.getTokenSync(TokenCredential.java:110)
			at com.azure.core.implementation.AccessTokenCache.lambda$new$2(AccessTokenCache.java:65)
			at com.azure.core.implementation.AccessTokenCache.lambda$retrieveTokenSync$11(AccessTokenCache.java:230)
			at com.azure.core.implementation.AccessTokenCache.getTokenSync(AccessTokenCache.java:93)
			at com.azure.core.http.policy.BearerTokenAuthenticationPolicy.setAuthorizationHeaderHelperSync(BearerTokenAuthenticationPolicy.java:220)
			at com.azure.core.http.policy.BearerTokenAuthenticationPolicy.setAuthorizationHeaderSync(BearerTokenAuthenticationPolicy.java:207)
			at com.azure.security.keyvault.secrets.implementation.KeyVaultCredentialPolicy.authorizeRequestOnChallengeSync(KeyVaultCredentialPolicy.java:340)
			at com.azure.security.keyvault.secrets.implementation.KeyVaultCredentialPolicy.handleChallengeSync(KeyVaultCredentialPolicy.java:415)
			at com.azure.security.keyvault.secrets.implementation.KeyVaultCredentialPolicy.processSync(KeyVaultCredentialPolicy.java:379)
			at com.azure.core.http.HttpPipelineNextSyncPolicy.processSync(HttpPipelineNextSyncPolicy.java:53)
			at com.azure.core.http.policy.RetryPolicy.attemptSync(RetryPolicy.java:217)
			at com.azure.core.http.policy.RetryPolicy.processSync(RetryPolicy.java:161)
			at com.azure.core.http.HttpPipelineNextSyncPolicy.processSync(HttpPipelineNextSyncPolicy.java:53)
			at com.azure.core.http.policy.AddHeadersPolicy.processSync(AddHeadersPolicy.java:66)
			at com.azure.core.http.HttpPipelineNextSyncPolicy.processSync(HttpPipelineNextSyncPolicy.java:53)
			at com.azure.core.http.policy.HttpPipelineSyncPolicy.processSync(HttpPipelineSyncPolicy.java:51)
			at com.azure.core.http.policy.UserAgentPolicy.processSync(UserAgentPolicy.java:174)
			at com.azure.core.http.HttpPipelineNextSyncPolicy.processSync(HttpPipelineNextSyncPolicy.java:53)
			at com.azure.core.http.HttpPipeline.sendSync(HttpPipeline.java:138)
			at com.azure.core.implementation.http.rest.SyncRestProxy.send(SyncRestProxy.java:62)
			at com.azure.core.implementation.http.rest.SyncRestProxy.invoke(SyncRestProxy.java:83)
			at com.azure.core.implementation.http.rest.RestProxyBase.invoke(RestProxyBase.java:124)
			at com.azure.core.http.rest.RestProxy.invoke(RestProxy.java:95)
			at com.sun.proxy.$Proxy19.getSecretSync(Unknown Source)
			at com.azure.security.keyvault.secrets.implementation.SecretClientImpl.getSecretWithResponse(SecretClientImpl.java:936)
			at com.azure.security.keyvault.secrets.SecretClient.lambda$getSecretWithResponse$1(SecretClient.java:360)
			at com.azure.security.keyvault.secrets.SecretClient.callWithMappedException(SecretClient.java:1027)
			at com.azure.security.keyvault.secrets.SecretClient.getSecretWithResponse(SecretClient.java:359)
			at com.azure.security.keyvault.secrets.SecretClient.getSecret(SecretClient.java:296)
			at com.fabrikam.Function.<init>(Function.java:36)
			at com.fabrikam.FunctionTest.testHttpTriggerJava(FunctionTest.java:48)
			at sun.reflect.NativeMethodAccessorImpl.invoke0(Native Method)
			at sun.reflect.NativeMethodAccessorImpl.invoke(NativeMethodAccessorImpl.java:62)
			at sun.reflect.DelegatingMethodAccessorImpl.invoke(DelegatingMethodAccessorImpl.java:43)
			at java.lang.reflect.Method.invoke(Method.java:498)
			at org.junit.platform.commons.util.ReflectionUtils.invokeMethod(ReflectionUtils.java:628)
			at org.junit.jupiter.engine.execution.ExecutableInvoker.invoke(ExecutableInvoker.java:117)
			at org.junit.jupiter.engine.descriptor.TestMethodTestDescriptor.lambda$invokeTestMethod$7(TestMethodTestDescriptor.java:184)
			at org.junit.platform.engine.support.hierarchical.ThrowableCollector.execute(ThrowableCollector.java:73)
			at org.junit.jupiter.engine.descriptor.TestMethodTestDescriptor.invokeTestMethod(TestMethodTestDescriptor.java:180)
			at org.junit.jupiter.engine.descriptor.TestMethodTestDescriptor.execute(TestMethodTestDescriptor.java:127)
			at org.junit.jupiter.engine.descriptor.TestMethodTestDescriptor.execute(TestMethodTestDescriptor.java:68)
			at org.junit.platform.engine.support.hierarchical.NodeTestTask.lambda$executeRecursively$5(NodeTestTask.java:135)
			at org.junit.platform.engine.support.hierarchical.ThrowableCollector.execute(ThrowableCollector.java:73)
			at org.junit.platform.engine.support.hierarchical.NodeTestTask.lambda$executeRecursively$7(NodeTestTask.java:125)
			at org.junit.platform.engine.support.hierarchical.Node.around(Node.java:135)
			at org.junit.platform.engine.support.hierarchical.NodeTestTask.lambda$executeRecursively$8(NodeTestTask.java:123)
			at org.junit.platform.engine.support.hierarchical.ThrowableCollector.execute(ThrowableCollector.java:73)
			at org.junit.platform.engine.support.hierarchical.NodeTestTask.executeRecursively(NodeTestTask.java:122)
			at org.junit.platform.engine.support.hierarchical.NodeTestTask.execute(NodeTestTask.java:80)
			at java.util.ArrayList.forEach(ArrayList.java:1259)
			at org.junit.platform.engine.support.hierarchical.SameThreadHierarchicalTestExecutorService.invokeAll(SameThreadHierarchicalTestExecutorService.java:38)
			at org.junit.platform.engine.support.hierarchical.NodeTestTask.lambda$executeRecursively$5(NodeTestTask.java:139)
			at org.junit.platform.engine.support.hierarchical.ThrowableCollector.execute(ThrowableCollector.java:73)
			at org.junit.platform.engine.support.hierarchical.NodeTestTask.lambda$executeRecursively$7(NodeTestTask.java:125)
			at org.junit.platform.engine.support.hierarchical.Node.around(Node.java:135)
			at org.junit.platform.engine.support.hierarchical.NodeTestTask.lambda$executeRecursively$8(NodeTestTask.java:123)
			at org.junit.platform.engine.support.hierarchical.ThrowableCollector.execute(ThrowableCollector.java:73)
			at org.junit.platform.engine.support.hierarchical.NodeTestTask.executeRecursively(NodeTestTask.java:122)
			at org.junit.platform.engine.support.hierarchical.NodeTestTask.execute(NodeTestTask.java:80)
			at java.util.ArrayList.forEach(ArrayList.java:1259)
			at org.junit.platform.engine.support.hierarchical.SameThreadHierarchicalTestExecutorService.invokeAll(SameThreadHierarchicalTestExecutorService.java:38)
			at org.junit.platform.engine.support.hierarchical.NodeTestTask.lambda$executeRecursively$5(NodeTestTask.java:139)
			at org.junit.platform.engine.support.hierarchical.ThrowableCollector.execute(ThrowableCollector.java:73)
			at org.junit.platform.engine.support.hierarchical.NodeTestTask.lambda$executeRecursively$7(NodeTestTask.java:125)
			at org.junit.platform.engine.support.hierarchical.Node.around(Node.java:135)
			at org.junit.platform.engine.support.hierarchical.NodeTestTask.lambda$executeRecursively$8(NodeTestTask.java:123)
			at org.junit.platform.engine.support.hierarchical.ThrowableCollector.execute(ThrowableCollector.java:73)
			at org.junit.platform.engine.support.hierarchical.NodeTestTask.executeRecursively(NodeTestTask.java:122)
			at org.junit.platform.engine.support.hierarchical.NodeTestTask.execute(NodeTestTask.java:80)
			at org.junit.platform.engine.support.hierarchical.SameThreadHierarchicalTestExecutorService.submit(SameThreadHierarchicalTestExecutorService.java:32)
			at org.junit.platform.engine.support.hierarchical.HierarchicalTestExecutor.execute(HierarchicalTestExecutor.java:57)
			at org.junit.platform.engine.support.hierarchical.HierarchicalTestEngine.execute(HierarchicalTestEngine.java:51)
			at org.junit.platform.launcher.core.DefaultLauncher.execute(DefaultLauncher.java:229)
			at org.junit.platform.launcher.core.DefaultLauncher.lambda$execute$6(DefaultLauncher.java:197)
			at org.junit.platform.launcher.core.DefaultLauncher.withInterceptedStreams(DefaultLauncher.java:211)
			at org.junit.platform.launcher.core.DefaultLauncher.execute(DefaultLauncher.java:191)
			at org.junit.platform.launcher.core.DefaultLauncher.execute(DefaultLauncher.java:128)
			at org.apache.maven.surefire.junitplatform.LazyLauncher.execute(LazyLauncher.java:56)
			at org.apache.maven.surefire.junitplatform.JUnitPlatformProvider.execute(JUnitPlatformProvider.java:184)
			at org.apache.maven.surefire.junitplatform.JUnitPlatformProvider.invokeAllTests(JUnitPlatformProvider.java:148)
			at org.apache.maven.surefire.junitplatform.JUnitPlatformProvider.invoke(JUnitPlatformProvider.java:122)
			at org.apache.maven.surefire.booter.ForkedBooter.runSuitesInProcess(ForkedBooter.java:385)
			at org.apache.maven.surefire.booter.ForkedBooter.execute(ForkedBooter.java:162)
			at org.apache.maven.surefire.booter.ForkedBooter.run(ForkedBooter.java:507)
			at org.apache.maven.surefire.booter.ForkedBooter.main(ForkedBooter.java:495)
	Suppressed: com.azure.identity.CredentialUnavailableException: EnvironmentCredential authentication unavailable. Environment variables are not fully configured.To mitigate this issue, please refer to the troubleshooting guidelines here at https://aka.ms/azsdk/java/identity/environmentcredential/troubleshoot
ManagedIdentityCredential authentication unavailable. Connection to IMDS endpoint cannot be established, connect timed out.
SharedTokenCacheCredential authentication unavailable. No accounts were found in the cache.
IntelliJ Authentication not available. Please log in with Azure Tools for IntelliJ plugin in the IDE.
Failed to read Vs Code credentials from Windows Credential API.
AzureCliCredential authentication unavailable. Please run 'az login' to set up account. To further mitigate this issue, please refer to the troubleshooting guidelines here at https://aka.ms/azsdk/java/identity/azclicredential/troubleshoot
Azure PowerShell authentication failed using defaultpowershell(pwsh) with following error: Unable to execute PowerShell. Please make sure that it is installed in your system.
Azure PowerShell authentication failed using powershell-core(powershell) with following error: Az.Account module with version >= 2.2.0 is not installed. It needs to be installed to use Azure PowerShell Credential.To mitigate this issue, please refer to the troubleshooting guidelines here at https://aka.ms/azure-identity-java-default-azure-credential-troubleshoot
		... 57 more
		Suppressed: java.lang.Exception: #block terminated with an error
			at reactor.core.publisher.BlockingSingleSubscriber.blockingGet(BlockingSingleSubscriber.java:100)
			at reactor.core.publisher.Mono.block(Mono.java:1742)
			at com.azure.core.credential.TokenCredential.getTokenSync(TokenCredential.java:110)
			at com.azure.core.implementation.AccessTokenCache.lambda$new$2(AccessTokenCache.java:65)
			at com.azure.core.implementation.AccessTokenCache.lambda$retrieveTokenSync$11(AccessTokenCache.java:230)
			at com.azure.core.implementation.AccessTokenCache.getTokenSync(AccessTokenCache.java:93)
			at com.azure.core.http.policy.BearerTokenAuthenticationPolicy.setAuthorizationHeaderHelperSync(BearerTokenAuthenticationPolicy.java:220)
			at com.azure.core.http.policy.BearerTokenAuthenticationPolicy.setAuthorizationHeaderSync(BearerTokenAuthenticationPolicy.java:207)
			at com.azure.security.keyvault.secrets.implementation.KeyVaultCredentialPolicy.authorizeRequestSync(KeyVaultCredentialPolicy.java:241)
			at com.azure.security.keyvault.secrets.implementation.KeyVaultCredentialPolicy.processSync(KeyVaultCredentialPolicy.java:373)
			at com.azure.core.http.HttpPipelineNextSyncPolicy.processSync(HttpPipelineNextSyncPolicy.java:53)
			at com.azure.core.http.policy.RetryPolicy.attemptSync(RetryPolicy.java:217)
			at com.azure.core.http.policy.RetryPolicy.attemptSync(RetryPolicy.java:233)
			at com.azure.core.http.policy.RetryPolicy.processSync(RetryPolicy.java:161)
			at com.azure.core.http.HttpPipelineNextSyncPolicy.processSync(HttpPipelineNextSyncPolicy.java:53)
			at com.azure.core.http.policy.AddHeadersPolicy.processSync(AddHeadersPolicy.java:66)
			at com.azure.core.http.HttpPipelineNextSyncPolicy.processSync(HttpPipelineNextSyncPolicy.java:53)
			at com.azure.core.http.policy.HttpPipelineSyncPolicy.processSync(HttpPipelineSyncPolicy.java:51)
			at com.azure.core.http.policy.UserAgentPolicy.processSync(UserAgentPolicy.java:174)
			at com.azure.core.http.HttpPipelineNextSyncPolicy.processSync(HttpPipelineNextSyncPolicy.java:53)
			at com.azure.core.http.HttpPipeline.sendSync(HttpPipeline.java:138)
			at com.azure.core.implementation.http.rest.SyncRestProxy.send(SyncRestProxy.java:62)
			at com.azure.core.implementation.http.rest.SyncRestProxy.invoke(SyncRestProxy.java:83)
			at com.azure.core.implementation.http.rest.RestProxyBase.invoke(RestProxyBase.java:124)
			at com.azure.core.http.rest.RestProxy.invoke(RestProxy.java:95)
			at com.sun.proxy.$Proxy19.getSecretSync(Unknown Source)
			at com.azure.security.keyvault.secrets.implementation.SecretClientImpl.getSecretWithResponse(SecretClientImpl.java:936)
			at com.azure.security.keyvault.secrets.SecretClient.lambda$getSecretWithResponse$1(SecretClient.java:360)
			at com.azure.security.keyvault.secrets.SecretClient.callWithMappedException(SecretClient.java:1027)
			at com.azure.security.keyvault.secrets.SecretClient.getSecretWithResponse(SecretClient.java:359)
			at com.azure.security.keyvault.secrets.SecretClient.getSecret(SecretClient.java:296)
			at com.fabrikam.Function.<init>(Function.java:36)
			at com.fabrikam.FunctionTest.testHttpTriggerJava(FunctionTest.java:48)
			at sun.reflect.NativeMethodAccessorImpl.invoke0(Native Method)
			at sun.reflect.NativeMethodAccessorImpl.invoke(NativeMethodAccessorImpl.java:62)
			at sun.reflect.DelegatingMethodAccessorImpl.invoke(DelegatingMethodAccessorImpl.java:43)
			at java.lang.reflect.Method.invoke(Method.java:498)
			at org.junit.platform.commons.util.ReflectionUtils.invokeMethod(ReflectionUtils.java:628)
			at org.junit.jupiter.engine.execution.ExecutableInvoker.invoke(ExecutableInvoker.java:117)
			at org.junit.jupiter.engine.descriptor.TestMethodTestDescriptor.lambda$invokeTestMethod$7(TestMethodTestDescriptor.java:184)
			at org.junit.platform.engine.support.hierarchical.ThrowableCollector.execute(ThrowableCollector.java:73)
			at org.junit.jupiter.engine.descriptor.TestMethodTestDescriptor.invokeTestMethod(TestMethodTestDescriptor.java:180)
			at org.junit.jupiter.engine.descriptor.TestMethodTestDescriptor.execute(TestMethodTestDescriptor.java:127)
			at org.junit.jupiter.engine.descriptor.TestMethodTestDescriptor.execute(TestMethodTestDescriptor.java:68)
			at org.junit.platform.engine.support.hierarchical.NodeTestTask.lambda$executeRecursively$5(NodeTestTask.java:135)
			at org.junit.platform.engine.support.hierarchical.ThrowableCollector.execute(ThrowableCollector.java:73)
			at org.junit.platform.engine.support.hierarchical.NodeTestTask.lambda$executeRecursively$7(NodeTestTask.java:125)
			at org.junit.platform.engine.support.hierarchical.Node.around(Node.java:135)
			at org.junit.platform.engine.support.hierarchical.NodeTestTask.lambda$executeRecursively$8(NodeTestTask.java:123)
			at org.junit.platform.engine.support.hierarchical.ThrowableCollector.execute(ThrowableCollector.java:73)
			at org.junit.platform.engine.support.hierarchical.NodeTestTask.executeRecursively(NodeTestTask.java:122)
			at org.junit.platform.engine.support.hierarchical.NodeTestTask.execute(NodeTestTask.java:80)
			at java.util.ArrayList.forEach(ArrayList.java:1259)
			at org.junit.platform.engine.support.hierarchical.SameThreadHierarchicalTestExecutorService.invokeAll(SameThreadHierarchicalTestExecutorService.java:38)
			at org.junit.platform.engine.support.hierarchical.NodeTestTask.lambda$executeRecursively$5(NodeTestTask.java:139)
			at org.junit.platform.engine.support.hierarchical.ThrowableCollector.execute(ThrowableCollector.java:73)
			at org.junit.platform.engine.support.hierarchical.NodeTestTask.lambda$executeRecursively$7(NodeTestTask.java:125)
			at org.junit.platform.engine.support.hierarchical.Node.around(Node.java:135)
			at org.junit.platform.engine.support.hierarchical.NodeTestTask.lambda$executeRecursively$8(NodeTestTask.java:123)
			at org.junit.platform.engine.support.hierarchical.ThrowableCollector.execute(ThrowableCollector.java:73)
			at org.junit.platform.engine.support.hierarchical.NodeTestTask.executeRecursively(NodeTestTask.java:122)
			at org.junit.platform.engine.support.hierarchical.NodeTestTask.execute(NodeTestTask.java:80)
			at java.util.ArrayList.forEach(ArrayList.java:1259)
			at org.junit.platform.engine.support.hierarchical.SameThreadHierarchicalTestExecutorService.invokeAll(SameThreadHierarchicalTestExecutorService.java:38)
			at org.junit.platform.engine.support.hierarchical.NodeTestTask.lambda$executeRecursively$5(NodeTestTask.java:139)
			at org.junit.platform.engine.support.hierarchical.ThrowableCollector.execute(ThrowableCollector.java:73)
			at org.junit.platform.engine.support.hierarchical.NodeTestTask.lambda$executeRecursively$7(NodeTestTask.java:125)
			at org.junit.platform.engine.support.hierarchical.Node.around(Node.java:135)
			at org.junit.platform.engine.support.hierarchical.NodeTestTask.lambda$executeRecursively$8(NodeTestTask.java:123)
			at org.junit.platform.engine.support.hierarchical.ThrowableCollector.execute(ThrowableCollector.java:73)
			at org.junit.platform.engine.support.hierarchical.NodeTestTask.executeRecursively(NodeTestTask.java:122)
			at org.junit.platform.engine.support.hierarchical.NodeTestTask.execute(NodeTestTask.java:80)
			at org.junit.platform.engine.support.hierarchical.SameThreadHierarchicalTestExecutorService.submit(SameThreadHierarchicalTestExecutorService.java:32)
			at org.junit.platform.engine.support.hierarchical.HierarchicalTestExecutor.execute(HierarchicalTestExecutor.java:57)
			at org.junit.platform.engine.support.hierarchical.HierarchicalTestEngine.execute(HierarchicalTestEngine.java:51)
			at org.junit.platform.launcher.core.DefaultLauncher.execute(DefaultLauncher.java:229)
			at org.junit.platform.launcher.core.DefaultLauncher.lambda$execute$6(DefaultLauncher.java:197)
			at org.junit.platform.launcher.core.DefaultLauncher.withInterceptedStreams(DefaultLauncher.java:211)
			at org.junit.platform.launcher.core.DefaultLauncher.execute(DefaultLauncher.java:191)
			at org.junit.platform.launcher.core.DefaultLauncher.execute(DefaultLauncher.java:128)
			at org.apache.maven.surefire.junitplatform.LazyLauncher.execute(LazyLauncher.java:56)
			at org.apache.maven.surefire.junitplatform.JUnitPlatformProvider.execute(JUnitPlatformProvider.java:184)
			at org.apache.maven.surefire.junitplatform.JUnitPlatformProvider.invokeAllTests(JUnitPlatformProvider.java:148)
			at org.apache.maven.surefire.junitplatform.JUnitPlatformProvider.invoke(JUnitPlatformProvider.java:122)
			at org.apache.maven.surefire.booter.ForkedBooter.runSuitesInProcess(ForkedBooter.java:385)
			at org.apache.maven.surefire.booter.ForkedBooter.execute(ForkedBooter.java:162)
			at org.apache.maven.surefire.booter.ForkedBooter.run(ForkedBooter.java:507)
			at org.apache.maven.surefire.booter.ForkedBooter.main(ForkedBooter.java:495)
	Suppressed: com.azure.identity.CredentialUnavailableException: EnvironmentCredential authentication unavailable. Environment variables are not fully configured.To mitigate this issue, please refer to the troubleshooting guidelines here at https://aka.ms/azsdk/java/identity/environmentcredential/troubleshoot
ManagedIdentityCredential authentication unavailable. Connection to IMDS endpoint cannot be established, connect timed out.
SharedTokenCacheCredential authentication unavailable. No accounts were found in the cache.
IntelliJ Authentication not available. Please log in with Azure Tools for IntelliJ plugin in the IDE.
Failed to read Vs Code credentials from Windows Credential API.
AzureCliCredential authentication unavailable. Please run 'az login' to set up account. To further mitigate this issue, please refer to the troubleshooting guidelines here at https://aka.ms/azsdk/java/identity/azclicredential/troubleshoot
Azure PowerShell authentication failed using defaultpowershell(pwsh) with following error: Unable to execute PowerShell. Please make sure that it is installed in your system.
Azure PowerShell authentication failed using powershell-core(powershell) with following error: Az.Account module with version >= 2.2.0 is not installed. It needs to be installed to use Azure PowerShell Credential.To mitigate this issue, please refer to the troubleshooting guidelines here at https://aka.ms/azure-identity-java-default-azure-credential-troubleshoot
		... 57 more
		Suppressed: java.lang.Exception: #block terminated with an error
			at reactor.core.publisher.BlockingSingleSubscriber.blockingGet(BlockingSingleSubscriber.java:100)
			at reactor.core.publisher.Mono.block(Mono.java:1742)
			at com.azure.core.credential.TokenCredential.getTokenSync(TokenCredential.java:110)
			at com.azure.core.implementation.AccessTokenCache.lambda$new$2(AccessTokenCache.java:65)
			at com.azure.core.implementation.AccessTokenCache.lambda$retrieveTokenSync$11(AccessTokenCache.java:230)
			at com.azure.core.implementation.AccessTokenCache.getTokenSync(AccessTokenCache.java:93)
			at com.azure.core.http.policy.BearerTokenAuthenticationPolicy.setAuthorizationHeaderHelperSync(BearerTokenAuthenticationPolicy.java:220)
			at com.azure.core.http.policy.BearerTokenAuthenticationPolicy.setAuthorizationHeaderSync(BearerTokenAuthenticationPolicy.java:207)
			at com.azure.security.keyvault.secrets.implementation.KeyVaultCredentialPolicy.authorizeRequestSync(KeyVaultCredentialPolicy.java:241)
			at com.azure.security.keyvault.secrets.implementation.KeyVaultCredentialPolicy.processSync(KeyVaultCredentialPolicy.java:373)
			at com.azure.core.http.HttpPipelineNextSyncPolicy.processSync(HttpPipelineNextSyncPolicy.java:53)
			at com.azure.core.http.policy.RetryPolicy.attemptSync(RetryPolicy.java:217)
			at com.azure.core.http.policy.RetryPolicy.attemptSync(RetryPolicy.java:233)
			at com.azure.core.http.policy.RetryPolicy.attemptSync(RetryPolicy.java:233)
			at com.azure.core.http.policy.RetryPolicy.processSync(RetryPolicy.java:161)
			at com.azure.core.http.HttpPipelineNextSyncPolicy.processSync(HttpPipelineNextSyncPolicy.java:53)
			at com.azure.core.http.policy.AddHeadersPolicy.processSync(AddHeadersPolicy.java:66)
			at com.azure.core.http.HttpPipelineNextSyncPolicy.processSync(HttpPipelineNextSyncPolicy.java:53)
			at com.azure.core.http.policy.HttpPipelineSyncPolicy.processSync(HttpPipelineSyncPolicy.java:51)
			at com.azure.core.http.policy.UserAgentPolicy.processSync(UserAgentPolicy.java:174)
			at com.azure.core.http.HttpPipelineNextSyncPolicy.processSync(HttpPipelineNextSyncPolicy.java:53)
			at com.azure.core.http.HttpPipeline.sendSync(HttpPipeline.java:138)
			at com.azure.core.implementation.http.rest.SyncRestProxy.send(SyncRestProxy.java:62)
			at com.azure.core.implementation.http.rest.SyncRestProxy.invoke(SyncRestProxy.java:83)
			at com.azure.core.implementation.http.rest.RestProxyBase.invoke(RestProxyBase.java:124)
			at com.azure.core.http.rest.RestProxy.invoke(RestProxy.java:95)
			at com.sun.proxy.$Proxy19.getSecretSync(Unknown Source)
			at com.azure.security.keyvault.secrets.implementation.SecretClientImpl.getSecretWithResponse(SecretClientImpl.java:936)
			at com.azure.security.keyvault.secrets.SecretClient.lambda$getSecretWithResponse$1(SecretClient.java:360)
			at com.azure.security.keyvault.secrets.SecretClient.callWithMappedException(SecretClient.java:1027)
			at com.azure.security.keyvault.secrets.SecretClient.getSecretWithResponse(SecretClient.java:359)
			at com.azure.security.keyvault.secrets.SecretClient.getSecret(SecretClient.java:296)
			at com.fabrikam.Function.<init>(Function.java:36)
			at com.fabrikam.FunctionTest.testHttpTriggerJava(FunctionTest.java:48)
			at sun.reflect.NativeMethodAccessorImpl.invoke0(Native Method)
			at sun.reflect.NativeMethodAccessorImpl.invoke(NativeMethodAccessorImpl.java:62)
			at sun.reflect.DelegatingMethodAccessorImpl.invoke(DelegatingMethodAccessorImpl.java:43)
			at java.lang.reflect.Method.invoke(Method.java:498)
			at org.junit.platform.commons.util.ReflectionUtils.invokeMethod(ReflectionUtils.java:628)
			at org.junit.jupiter.engine.execution.ExecutableInvoker.invoke(ExecutableInvoker.java:117)
			at org.junit.jupiter.engine.descriptor.TestMethodTestDescriptor.lambda$invokeTestMethod$7(TestMethodTestDescriptor.java:184)
			at org.junit.platform.engine.support.hierarchical.ThrowableCollector.execute(ThrowableCollector.java:73)
			at org.junit.jupiter.engine.descriptor.TestMethodTestDescriptor.invokeTestMethod(TestMethodTestDescriptor.java:180)
			at org.junit.jupiter.engine.descriptor.TestMethodTestDescriptor.execute(TestMethodTestDescriptor.java:127)
			at org.junit.jupiter.engine.descriptor.TestMethodTestDescriptor.execute(TestMethodTestDescriptor.java:68)
			at org.junit.platform.engine.support.hierarchical.NodeTestTask.lambda$executeRecursively$5(NodeTestTask.java:135)
			at org.junit.platform.engine.support.hierarchical.ThrowableCollector.execute(ThrowableCollector.java:73)
			at org.junit.platform.engine.support.hierarchical.NodeTestTask.lambda$executeRecursively$7(NodeTestTask.java:125)
			at org.junit.platform.engine.support.hierarchical.Node.around(Node.java:135)
			at org.junit.platform.engine.support.hierarchical.NodeTestTask.lambda$executeRecursively$8(NodeTestTask.java:123)
			at org.junit.platform.engine.support.hierarchical.ThrowableCollector.execute(ThrowableCollector.java:73)
			at org.junit.platform.engine.support.hierarchical.NodeTestTask.executeRecursively(NodeTestTask.java:122)
			at org.junit.platform.engine.support.hierarchical.NodeTestTask.execute(NodeTestTask.java:80)
			at java.util.ArrayList.forEach(ArrayList.java:1259)
			at org.junit.platform.engine.support.hierarchical.SameThreadHierarchicalTestExecutorService.invokeAll(SameThreadHierarchicalTestExecutorService.java:38)
			at org.junit.platform.engine.support.hierarchical.NodeTestTask.lambda$executeRecursively$5(NodeTestTask.java:139)
			at org.junit.platform.engine.support.hierarchical.ThrowableCollector.execute(ThrowableCollector.java:73)
			at org.junit.platform.engine.support.hierarchical.NodeTestTask.lambda$executeRecursively$7(NodeTestTask.java:125)
			at org.junit.platform.engine.support.hierarchical.Node.around(Node.java:135)
			at org.junit.platform.engine.support.hierarchical.NodeTestTask.lambda$executeRecursively$8(NodeTestTask.java:123)
			at org.junit.platform.engine.support.hierarchical.ThrowableCollector.execute(ThrowableCollector.java:73)
			at org.junit.platform.engine.support.hierarchical.NodeTestTask.executeRecursively(NodeTestTask.java:122)
			at org.junit.platform.engine.support.hierarchical.NodeTestTask.execute(NodeTestTask.java:80)
			at java.util.ArrayList.forEach(ArrayList.java:1259)
			at org.junit.platform.engine.support.hierarchical.SameThreadHierarchicalTestExecutorService.invokeAll(SameThreadHierarchicalTestExecutorService.java:38)
			at org.junit.platform.engine.support.hierarchical.NodeTestTask.lambda$executeRecursively$5(NodeTestTask.java:139)
			at org.junit.platform.engine.support.hierarchical.ThrowableCollector.execute(ThrowableCollector.java:73)
			at org.junit.platform.engine.support.hierarchical.NodeTestTask.lambda$executeRecursively$7(NodeTestTask.java:125)
			at org.junit.platform.engine.support.hierarchical.Node.around(Node.java:135)
			at org.junit.platform.engine.support.hierarchical.NodeTestTask.lambda$executeRecursively$8(NodeTestTask.java:123)
			at org.junit.platform.engine.support.hierarchical.ThrowableCollector.execute(ThrowableCollector.java:73)
			at org.junit.platform.engine.support.hierarchical.NodeTestTask.executeRecursively(NodeTestTask.java:122)
			at org.junit.platform.engine.support.hierarchical.NodeTestTask.execute(NodeTestTask.java:80)
			at org.junit.platform.engine.support.hierarchical.SameThreadHierarchicalTestExecutorService.submit(SameThreadHierarchicalTestExecutorService.java:32)
			at org.junit.platform.engine.support.hierarchical.HierarchicalTestExecutor.execute(HierarchicalTestExecutor.java:57)
			at org.junit.platform.engine.support.hierarchical.HierarchicalTestEngine.execute(HierarchicalTestEngine.java:51)
			at org.junit.platform.launcher.core.DefaultLauncher.execute(DefaultLauncher.java:229)
			at org.junit.platform.launcher.core.DefaultLauncher.lambda$execute$6(DefaultLauncher.java:197)
			at org.junit.platform.launcher.core.DefaultLauncher.withInterceptedStreams(DefaultLauncher.java:211)
			at org.junit.platform.launcher.core.DefaultLauncher.execute(DefaultLauncher.java:191)
			at org.junit.platform.launcher.core.DefaultLauncher.execute(DefaultLauncher.java:128)
			at org.apache.maven.surefire.junitplatform.LazyLauncher.execute(LazyLauncher.java:56)
			at org.apache.maven.surefire.junitplatform.JUnitPlatformProvider.execute(JUnitPlatformProvider.java:184)
			at org.apache.maven.surefire.junitplatform.JUnitPlatformProvider.invokeAllTests(JUnitPlatformProvider.java:148)
			at org.apache.maven.surefire.junitplatform.JUnitPlatformProvider.invoke(JUnitPlatformProvider.java:122)
			at org.apache.maven.surefire.booter.ForkedBooter.runSuitesInProcess(ForkedBooter.java:385)
			at org.apache.maven.surefire.booter.ForkedBooter.execute(ForkedBooter.java:162)
			at org.apache.maven.surefire.booter.ForkedBooter.run(ForkedBooter.java:507)
			at org.apache.maven.surefire.booter.ForkedBooter.main(ForkedBooter.java:495)
]]></error>
    <system-err><![CDATA[SLF4J: Failed to load class "org.slf4j.impl.StaticLoggerBinder".
SLF4J: Defaulting to no-operation (NOP) logger implementation
SLF4J: See http://www.slf4j.org/codes.html#StaticLoggerBinder for further details.
]]></system-err>
  </testcase>
</testsuite>